0:0:0:0:0:0:0:1 - - [25/Jun/2024:17:13:36 +0300] "GET /css/styles.css HTTP/1.1" 200 148
0:0:0:0:0:0:0:1 - - [25/Jun/2024:17:13:36 +0300] "GET /images/header.jpg HTTP/1.1" 200 278727
0:0:0:0:0:0:0:1 - - [25/Jun/2024:17:13:37 +0300] "GET /users/profile HTTP/1.1" 500 3554
0:0:0:0:0:0:0:1 - - [25/Jun/2024:17:13:39 +0300] "GET /buckets HTTP/1.1" 200 6349
0:0:0:0:0:0:0:1 - - [25/Jun/2024:17:13:39 +0300] "GET /css/styles.css HTTP/1.1" 200 148
0:0:0:0:0:0:0:1 - - [25/Jun/2024:17:13:39 +0300] "GET /images/header.jpg HTTP/1.1" 200 278727
0:0:0:0:0:0:0:1 - - [25/Jun/2024:17:36:15 +0300] "GET /about HTTP/1.1" 200 3414
0:0:0:0:0:0:0:1 - - [25/Jun/2024:17:36:15 +0300] "GET /css/styles.css HTTP/1.1" 200 148
0:0:0:0:0:0:0:1 - - [25/Jun/2024:17:36:15 +0300] "GET /images/header.jpg HTTP/1.1" 200 278727
0:0:0:0:0:0:0:1 - - [25/Jun/2024:17:38:55 +0300] "GET /contacts HTTP/1.1" 200 3431
0:0:0:0:0:0:0:1 - - [25/Jun/2024:17:38:55 +0300] "GET /css/styles.css HTTP/1.1" 200 148
0:0:0:0:0:0:0:1 - - [25/Jun/2024:17:38:55 +0300] "GET /images/header.jpg HTTP/1.1" 200 278727
0:0:0:0:0:0:0:1 - - [25/Jun/2024:17:38:59 +0300] "GET /css/styles.css HTTP/1.1" 200 148
0:0:0:0:0:0:0:1 - - [25/Jun/2024:17:38:59 +0300] "GET /images/header.jpg HTTP/1.1" 200 278727
0:0:0:0:0:0:0:1 - - [25/Jun/2024:17:38:59 +0300] "GET /products HTTP/1.1" 200 19002
0:0:0:0:0:0:0:1 - - [25/Jun/2024:17:39:01 +0300] "GET /buckets/5 HTTP/1.1" 302 -
0:0:0:0:0:0:0:1 - - [25/Jun/2024:17:39:01 +0300] "GET /css/styles.css HTTP/1.1" 200 148
0:0:0:0:0:0:0:1 - - [25/Jun/2024:17:39:01 +0300] "GET /products HTTP/1.1" 200 19002
0:0:0:0:0:0:0:1 - - [25/Jun/2024:17:39:01 +0300] "GET /images/header.jpg HTTP/1.1" 200 278727
0:0:0:0:0:0:0:1 - - [25/Jun/2024:17:39:02 +0300] "GET /buckets/24 HTTP/1.1" 302 -
0:0:0:0:0:0:0:1 - - [25/Jun/2024:17:39:02 +0300] "GET /products HTTP/1.1" 200 19002
0:0:0:0:0:0:0:1 - - [25/Jun/2024:17:39:02 +0300] "GET /images/header.jpg HTTP/1.1" 200 278727
0:0:0:0:0:0:0:1 - - [25/Jun/2024:17:39:02 +0300] "GET /css/styles.css HTTP/1.1" 200 148
0:0:0:0:0:0:0:1 - - [25/Jun/2024:17:39:04 +0300] "GET /buckets HTTP/1.1" 200 8878
0:0:0:0:0:0:0:1 - - [25/Jun/2024:17:39:04 +0300] "GET /css/styles.css HTTP/1.1" 200 148
0:0:0:0:0:0:0:1 - - [25/Jun/2024:17:39:04 +0300] "GET /images/header.jpg HTTP/1.1" 200 278727
0:0:0:0:0:0:0:1 - - [25/Jun/2024:17:39:21 +0300] "POST /order/create HTTP/1.1" 302 -
0:0:0:0:0:0:0:1 - - [25/Jun/2024:17:39:21 +0300] "GET /order/2 HTTP/1.1" 200 7563
0:0:0:0:0:0:0:1 - - [25/Jun/2024:17:39:21 +0300] "GET /css/styles.css HTTP/1.1" 200 148
0:0:0:0:0:0:0:1 - - [25/Jun/2024:17:39:21 +0300] "GET /images/header.jpg HTTP/1.1" 200 278727
