10:35:10.252 [restartedMain] INFO  com.echem.ecshop.EcshopApplication - Starting EcshopApplication using Java 17.0.7 with PID 41568 (/Users/dmitrijafrosin/IdeaProjects/ecshop/build/classes/java/main started by dmitrijafrosin in /Users/dmitrijafrosin/IdeaProjects/ecshop)
10:35:10.258 [restartedMain] INFO  com.echem.ecshop.EcshopApplication - No active profile set, falling back to 1 default profile: "default"
10:35:10.377 [restartedMain] INFO  o.s.b.d.e.DevToolsPropertyDefaultsPostProcessor - Devtools property defaults active! Set 'spring.devtools.add-properties' to 'false' to disable
10:35:10.378 [restartedMain] INFO  o.s.b.d.e.DevToolsPropertyDefaultsPostProcessor - For additional web related logging consider setting the 'logging.level.web' property to 'DEBUG'
10:35:12.029 [restartedMain] INFO  o.s.d.r.c.RepositoryConfigurationDelegate - Bootstrapping Spring Data JPA repositories in DEFAULT mode.
10:35:12.171 [restartedMain] INFO  o.s.d.r.c.RepositoryConfigurationDelegate - Finished Spring Data repository scanning in 123 ms. Found 3 JPA repository interfaces.
10:35:13.816 [restartedMain] INFO  o.s.b.w.e.tomcat.TomcatWebServer - Tomcat initialized with port(s): 8080 (http)
10:35:13.851 [restartedMain] INFO  o.a.catalina.core.StandardService - Starting service [Tomcat]
10:35:13.852 [restartedMain] INFO  o.a.catalina.core.StandardEngine - Starting Servlet engine: [Apache Tomcat/10.1.13]
10:35:14.003 [restartedMain] INFO  o.a.c.c.C.[Tomcat].[localhost].[/] - Initializing Spring embedded WebApplicationContext
10:35:14.003 [restartedMain] INFO  o.s.b.w.s.c.ServletWebServerApplicationContext - Root WebApplicationContext: initialization completed in 3623 ms
10:35:14.457 [restartedMain] INFO  o.f.c.i.license.VersionPrinter - Flyway Community Edition 9.16.3 by Redgate
10:35:14.458 [restartedMain] INFO  o.f.c.i.license.VersionPrinter - See release notes here: https://rd.gt/416ObMi
10:35:14.458 [restartedMain] INFO  o.f.c.i.license.VersionPrinter - 
10:35:14.474 [restartedMain] INFO  com.zaxxer.hikari.HikariDataSource - HikariPool-1 - Starting...
10:35:14.869 [restartedMain] INFO  com.zaxxer.hikari.pool.HikariPool - HikariPool-1 - Added connection org.postgresql.jdbc.PgConnection@73ae092e
10:35:14.871 [restartedMain] INFO  com.zaxxer.hikari.HikariDataSource - HikariPool-1 - Start completed.
10:35:14.896 [restartedMain] INFO  o.f.c.i.d.base.BaseDatabaseType - Database: jdbc:postgresql://localhost:5432/newOne (PostgreSQL 15.3)
10:35:14.983 [restartedMain] INFO  o.f.core.internal.command.DbValidate - Successfully validated 3 migrations (execution time 00:00.052s)
10:35:15.037 [restartedMain] INFO  o.f.core.internal.command.DbMigrate - Current version of schema "public": 3
10:35:15.038 [restartedMain] INFO  o.f.core.internal.command.DbMigrate - Schema "public" is up to date. No migration necessary.
10:35:15.278 [restartedMain] INFO  o.h.jpa.internal.util.LogHelper - HHH000204: Processing PersistenceUnitInfo [name: default]
10:35:15.458 [restartedMain] INFO  org.hibernate.Version - HHH000412: Hibernate ORM core version 6.2.9.Final
10:35:15.465 [restartedMain] INFO  org.hibernate.cfg.Environment - HHH000406: Using bytecode reflection optimizer
10:35:15.904 [restartedMain] INFO  o.h.b.i.BytecodeProviderInitiator - HHH000021: Bytecode provider name : bytebuddy
10:35:16.235 [restartedMain] INFO  o.s.o.j.p.SpringPersistenceUnitInfo - No LoadTimeWeaver setup: ignoring JPA class transformer
10:35:16.933 [restartedMain] INFO  o.h.b.i.BytecodeProviderInitiator - HHH000021: Bytecode provider name : bytebuddy
10:35:18.458 [restartedMain] INFO  o.h.e.t.j.p.i.JtaPlatformInitiator - HHH000490: Using JtaPlatform implementation: [org.hibernate.engine.transaction.jta.platform.internal.NoJtaPlatform]
10:35:18.515 [restartedMain] INFO  o.s.o.j.LocalContainerEntityManagerFactoryBean - Initialized JPA EntityManagerFactory for persistence unit 'default'
10:35:19.681 [restartedMain] WARN  o.s.b.a.o.j.JpaBaseConfiguration$JpaWebConfiguration - spring.jpa.open-in-view is enabled by default. Therefore, database queries may be performed during view rendering. Explicitly configure spring.jpa.open-in-view to disable this warning
10:35:19.929 [restartedMain] INFO  o.s.b.a.w.s.WelcomePageHandlerMapping - Adding welcome page template: index
10:35:20.352 [restartedMain] INFO  o.s.s.web.DefaultSecurityFilterChain - Will secure any request with [org.springframework.security.web.session.DisableEncodeUrlFilter@4802da73, org.springframework.security.web.context.request.async.WebAsyncManagerIntegrationFilter@7067a5a3, org.springframework.security.web.context.SecurityContextHolderFilter@3a1a7af8, org.springframework.security.web.header.HeaderWriterFilter@7c480c05, org.springframework.security.web.authentication.logout.LogoutFilter@515aad73, org.springframework.security.web.authentication.UsernamePasswordAuthenticationFilter@3ca61342, org.springframework.security.web.savedrequest.RequestCacheAwareFilter@27bd78f7, org.springframework.security.web.servletapi.SecurityContextHolderAwareRequestFilter@5b7bf498, org.springframework.security.web.authentication.AnonymousAuthenticationFilter@7cd784ee, org.springframework.security.web.access.ExceptionTranslationFilter@406e152e, org.springframework.security.web.access.intercept.AuthorizationFilter@2b4263eb]
10:35:21.052 [restartedMain] INFO  o.s.b.d.a.OptionalLiveReloadServer - LiveReload server is running on port 35729
10:35:21.106 [restartedMain] INFO  o.s.b.w.e.tomcat.TomcatWebServer - Tomcat started on port(s): 8080 (http) with context path ''
10:35:21.131 [restartedMain] INFO  com.echem.ecshop.EcshopApplication - Started EcshopApplication in 11.847 seconds (process running for 12.935)
10:36:26.415 [SpringApplicationShutdownHook] INFO  o.s.o.j.LocalContainerEntityManagerFactoryBean - Closing JPA EntityManagerFactory for persistence unit 'default'
10:36:26.438 [SpringApplicationShutdownHook] INFO  com.zaxxer.hikari.HikariDataSource - HikariPool-1 - Shutdown initiated...
10:36:26.443 [SpringApplicationShutdownHook] INFO  com.zaxxer.hikari.HikariDataSource - HikariPool-1 - Shutdown completed.
10:36:30.913 [restartedMain] INFO  com.echem.ecshop.EcshopApplication - Starting EcshopApplication using Java 17.0.7 with PID 41633 (/Users/dmitrijafrosin/IdeaProjects/ecshop/build/classes/java/main started by dmitrijafrosin in /Users/dmitrijafrosin/IdeaProjects/ecshop)
10:36:30.919 [restartedMain] INFO  com.echem.ecshop.EcshopApplication - No active profile set, falling back to 1 default profile: "default"
10:36:31.123 [restartedMain] INFO  o.s.b.d.e.DevToolsPropertyDefaultsPostProcessor - Devtools property defaults active! Set 'spring.devtools.add-properties' to 'false' to disable
10:36:31.124 [restartedMain] INFO  o.s.b.d.e.DevToolsPropertyDefaultsPostProcessor - For additional web related logging consider setting the 'logging.level.web' property to 'DEBUG'
10:36:33.033 [restartedMain] INFO  o.s.d.r.c.RepositoryConfigurationDelegate - Bootstrapping Spring Data JPA repositories in DEFAULT mode.
10:36:33.172 [restartedMain] INFO  o.s.d.r.c.RepositoryConfigurationDelegate - Finished Spring Data repository scanning in 121 ms. Found 3 JPA repository interfaces.
10:36:34.575 [restartedMain] INFO  o.s.b.w.e.tomcat.TomcatWebServer - Tomcat initialized with port(s): 8080 (http)
10:36:34.598 [restartedMain] INFO  o.a.catalina.core.StandardService - Starting service [Tomcat]
10:36:34.599 [restartedMain] INFO  o.a.catalina.core.StandardEngine - Starting Servlet engine: [Apache Tomcat/10.1.13]
10:36:34.833 [restartedMain] INFO  o.a.c.c.C.[Tomcat].[localhost].[/] - Initializing Spring embedded WebApplicationContext
10:36:34.834 [restartedMain] INFO  o.s.b.w.s.c.ServletWebServerApplicationContext - Root WebApplicationContext: initialization completed in 3707 ms
10:36:35.222 [restartedMain] INFO  o.f.c.i.license.VersionPrinter - Flyway Community Edition 9.16.3 by Redgate
10:36:35.223 [restartedMain] INFO  o.f.c.i.license.VersionPrinter - See release notes here: https://rd.gt/416ObMi
10:36:35.224 [restartedMain] INFO  o.f.c.i.license.VersionPrinter - 
10:36:35.240 [restartedMain] INFO  com.zaxxer.hikari.HikariDataSource - HikariPool-1 - Starting...
10:36:35.582 [restartedMain] INFO  com.zaxxer.hikari.pool.HikariPool - HikariPool-1 - Added connection org.postgresql.jdbc.PgConnection@266dc22b
10:36:35.584 [restartedMain] INFO  com.zaxxer.hikari.HikariDataSource - HikariPool-1 - Start completed.
10:36:35.611 [restartedMain] INFO  o.f.c.i.d.base.BaseDatabaseType - Database: jdbc:postgresql://localhost:5432/newOne (PostgreSQL 15.3)
10:36:35.701 [restartedMain] INFO  o.f.core.internal.command.DbValidate - Successfully validated 3 migrations (execution time 00:00.051s)
10:36:35.750 [restartedMain] INFO  o.f.core.internal.command.DbMigrate - Current version of schema "public": 3
10:36:35.750 [restartedMain] INFO  o.f.core.internal.command.DbMigrate - Schema "public" is up to date. No migration necessary.
10:36:35.968 [restartedMain] INFO  o.h.jpa.internal.util.LogHelper - HHH000204: Processing PersistenceUnitInfo [name: default]
10:36:36.105 [restartedMain] INFO  org.hibernate.Version - HHH000412: Hibernate ORM core version 6.2.9.Final
10:36:36.112 [restartedMain] INFO  org.hibernate.cfg.Environment - HHH000406: Using bytecode reflection optimizer
10:36:36.451 [restartedMain] INFO  o.h.b.i.BytecodeProviderInitiator - HHH000021: Bytecode provider name : bytebuddy
10:36:36.857 [restartedMain] INFO  o.s.o.j.p.SpringPersistenceUnitInfo - No LoadTimeWeaver setup: ignoring JPA class transformer
10:36:37.722 [restartedMain] INFO  o.h.b.i.BytecodeProviderInitiator - HHH000021: Bytecode provider name : bytebuddy
10:36:39.485 [restartedMain] INFO  o.h.e.t.j.p.i.JtaPlatformInitiator - HHH000490: Using JtaPlatform implementation: [org.hibernate.engine.transaction.jta.platform.internal.NoJtaPlatform]
10:36:39.544 [restartedMain] INFO  o.s.o.j.LocalContainerEntityManagerFactoryBean - Initialized JPA EntityManagerFactory for persistence unit 'default'
10:36:40.595 [restartedMain] WARN  o.s.b.a.o.j.JpaBaseConfiguration$JpaWebConfiguration - spring.jpa.open-in-view is enabled by default. Therefore, database queries may be performed during view rendering. Explicitly configure spring.jpa.open-in-view to disable this warning
10:36:41.001 [restartedMain] INFO  o.s.b.a.w.s.WelcomePageHandlerMapping - Adding welcome page template: index
10:36:41.398 [restartedMain] INFO  o.s.s.web.DefaultSecurityFilterChain - Will secure any request with [org.springframework.security.web.session.DisableEncodeUrlFilter@1373a9ed, org.springframework.security.web.context.request.async.WebAsyncManagerIntegrationFilter@5ef44c9d, org.springframework.security.web.context.SecurityContextHolderFilter@62ba733a, org.springframework.security.web.header.HeaderWriterFilter@68e619a, org.springframework.security.web.authentication.logout.LogoutFilter@7c3de442, org.springframework.security.web.authentication.UsernamePasswordAuthenticationFilter@7cd784ee, org.springframework.security.web.savedrequest.RequestCacheAwareFilter@5b7bf498, org.springframework.security.web.servletapi.SecurityContextHolderAwareRequestFilter@682d3782, org.springframework.security.web.authentication.AnonymousAuthenticationFilter@1ec44359, org.springframework.security.web.access.ExceptionTranslationFilter@487c8e7d, org.springframework.security.web.access.intercept.AuthorizationFilter@7067a5a3]
10:36:41.997 [restartedMain] INFO  o.s.b.d.a.OptionalLiveReloadServer - LiveReload server is running on port 35729
10:36:42.060 [restartedMain] INFO  o.s.b.w.e.tomcat.TomcatWebServer - Tomcat started on port(s): 8080 (http) with context path ''
10:36:42.094 [restartedMain] INFO  com.echem.ecshop.EcshopApplication - Started EcshopApplication in 12.155 seconds (process running for 13.287)
10:37:00.864 [SpringApplicationShutdownHook] INFO  o.s.o.j.LocalContainerEntityManagerFactoryBean - Closing JPA EntityManagerFactory for persistence unit 'default'
10:37:00.872 [SpringApplicationShutdownHook] INFO  com.zaxxer.hikari.HikariDataSource - HikariPool-1 - Shutdown initiated...
10:37:00.879 [SpringApplicationShutdownHook] INFO  com.zaxxer.hikari.HikariDataSource - HikariPool-1 - Shutdown completed.
10:37:34.890 [restartedMain] INFO  com.echem.ecshop.EcshopApplication - Starting EcshopApplication using Java 17.0.7 with PID 41688 (/Users/dmitrijafrosin/IdeaProjects/ecshop/build/classes/java/main started by dmitrijafrosin in /Users/dmitrijafrosin/IdeaProjects/ecshop)
10:37:34.898 [restartedMain] INFO  com.echem.ecshop.EcshopApplication - No active profile set, falling back to 1 default profile: "default"
10:37:35.038 [restartedMain] INFO  o.s.b.d.e.DevToolsPropertyDefaultsPostProcessor - Devtools property defaults active! Set 'spring.devtools.add-properties' to 'false' to disable
10:37:35.039 [restartedMain] INFO  o.s.b.d.e.DevToolsPropertyDefaultsPostProcessor - For additional web related logging consider setting the 'logging.level.web' property to 'DEBUG'
10:37:36.981 [restartedMain] INFO  o.s.d.r.c.RepositoryConfigurationDelegate - Bootstrapping Spring Data JPA repositories in DEFAULT mode.
10:37:37.141 [restartedMain] INFO  o.s.d.r.c.RepositoryConfigurationDelegate - Finished Spring Data repository scanning in 133 ms. Found 3 JPA repository interfaces.
10:37:38.573 [restartedMain] INFO  o.s.b.w.e.tomcat.TomcatWebServer - Tomcat initialized with port(s): 8080 (http)
10:37:38.597 [restartedMain] INFO  o.a.catalina.core.StandardService - Starting service [Tomcat]
10:37:38.598 [restartedMain] INFO  o.a.catalina.core.StandardEngine - Starting Servlet engine: [Apache Tomcat/10.1.13]
10:37:38.741 [restartedMain] INFO  o.a.c.c.C.[Tomcat].[localhost].[/] - Initializing Spring embedded WebApplicationContext
10:37:38.742 [restartedMain] INFO  o.s.b.w.s.c.ServletWebServerApplicationContext - Root WebApplicationContext: initialization completed in 3701 ms
10:37:39.215 [restartedMain] INFO  o.f.c.i.license.VersionPrinter - Flyway Community Edition 9.16.3 by Redgate
10:37:39.215 [restartedMain] INFO  o.f.c.i.license.VersionPrinter - See release notes here: https://rd.gt/416ObMi
10:37:39.215 [restartedMain] INFO  o.f.c.i.license.VersionPrinter - 
10:37:39.243 [restartedMain] INFO  com.zaxxer.hikari.HikariDataSource - HikariPool-1 - Starting...
10:37:39.693 [restartedMain] INFO  com.zaxxer.hikari.pool.HikariPool - HikariPool-1 - Added connection org.postgresql.jdbc.PgConnection@768bb3a3
10:37:39.697 [restartedMain] INFO  com.zaxxer.hikari.HikariDataSource - HikariPool-1 - Start completed.
10:37:39.726 [restartedMain] INFO  o.f.c.i.d.base.BaseDatabaseType - Database: jdbc:postgresql://localhost:5432/newOne (PostgreSQL 15.3)
10:37:39.814 [restartedMain] INFO  o.f.core.internal.command.DbValidate - Successfully validated 3 migrations (execution time 00:00.052s)
10:37:39.861 [restartedMain] INFO  o.f.core.internal.command.DbMigrate - Current version of schema "public": 3
10:37:39.862 [restartedMain] INFO  o.f.core.internal.command.DbMigrate - Schema "public" is up to date. No migration necessary.
10:37:40.143 [restartedMain] INFO  o.h.jpa.internal.util.LogHelper - HHH000204: Processing PersistenceUnitInfo [name: default]
10:37:40.395 [restartedMain] INFO  org.hibernate.Version - HHH000412: Hibernate ORM core version 6.2.9.Final
10:37:40.401 [restartedMain] INFO  org.hibernate.cfg.Environment - HHH000406: Using bytecode reflection optimizer
10:37:41.011 [restartedMain] INFO  o.h.b.i.BytecodeProviderInitiator - HHH000021: Bytecode provider name : bytebuddy
10:37:41.524 [restartedMain] INFO  o.s.o.j.p.SpringPersistenceUnitInfo - No LoadTimeWeaver setup: ignoring JPA class transformer
10:37:42.463 [restartedMain] INFO  o.h.b.i.BytecodeProviderInitiator - HHH000021: Bytecode provider name : bytebuddy
10:37:44.496 [restartedMain] INFO  o.h.e.t.j.p.i.JtaPlatformInitiator - HHH000490: Using JtaPlatform implementation: [org.hibernate.engine.transaction.jta.platform.internal.NoJtaPlatform]
10:37:44.722 [restartedMain] INFO  o.s.o.j.LocalContainerEntityManagerFactoryBean - Initialized JPA EntityManagerFactory for persistence unit 'default'
10:37:47.096 [restartedMain] WARN  o.s.b.a.o.j.JpaBaseConfiguration$JpaWebConfiguration - spring.jpa.open-in-view is enabled by default. Therefore, database queries may be performed during view rendering. Explicitly configure spring.jpa.open-in-view to disable this warning
10:37:47.377 [restartedMain] INFO  o.s.b.a.w.s.WelcomePageHandlerMapping - Adding welcome page template: index
10:37:47.771 [restartedMain] INFO  o.s.s.web.DefaultSecurityFilterChain - Will secure any request with [org.springframework.security.web.session.DisableEncodeUrlFilter@3ca61342, org.springframework.security.web.context.request.async.WebAsyncManagerIntegrationFilter@69cb0a25, org.springframework.security.web.context.SecurityContextHolderFilter@780b3337, org.springframework.security.web.header.HeaderWriterFilter@406e152e, org.springframework.security.web.authentication.logout.LogoutFilter@49127578, org.springframework.security.web.authentication.UsernamePasswordAuthenticationFilter@124665da, org.springframework.security.web.savedrequest.RequestCacheAwareFilter@3a1a7af8, org.springframework.security.web.servletapi.SecurityContextHolderAwareRequestFilter@62ba733a, org.springframework.security.web.authentication.AnonymousAuthenticationFilter@4802da73, org.springframework.security.web.access.ExceptionTranslationFilter@6cb7263b, org.springframework.security.web.access.intercept.AuthorizationFilter@14a9e45]
10:37:48.389 [restartedMain] INFO  o.s.b.d.a.OptionalLiveReloadServer - LiveReload server is running on port 35729
10:37:48.440 [restartedMain] INFO  o.s.b.w.e.tomcat.TomcatWebServer - Tomcat started on port(s): 8080 (http) with context path ''
10:37:48.458 [restartedMain] INFO  com.echem.ecshop.EcshopApplication - Started EcshopApplication in 14.874 seconds (process running for 16.355)
10:41:58.553 [SpringApplicationShutdownHook] INFO  o.s.o.j.LocalContainerEntityManagerFactoryBean - Closing JPA EntityManagerFactory for persistence unit 'default'
10:41:58.592 [SpringApplicationShutdownHook] INFO  com.zaxxer.hikari.HikariDataSource - HikariPool-1 - Shutdown initiated...
10:41:58.608 [SpringApplicationShutdownHook] INFO  com.zaxxer.hikari.HikariDataSource - HikariPool-1 - Shutdown completed.
10:42:03.274 [restartedMain] INFO  com.echem.ecshop.EcshopApplication - Starting EcshopApplication using Java 17.0.7 with PID 41859 (/Users/dmitrijafrosin/IdeaProjects/ecshop/build/classes/java/main started by dmitrijafrosin in /Users/dmitrijafrosin/IdeaProjects/ecshop)
10:42:03.287 [restartedMain] INFO  com.echem.ecshop.EcshopApplication - No active profile set, falling back to 1 default profile: "default"
10:42:03.427 [restartedMain] INFO  o.s.b.d.e.DevToolsPropertyDefaultsPostProcessor - Devtools property defaults active! Set 'spring.devtools.add-properties' to 'false' to disable
10:42:03.427 [restartedMain] INFO  o.s.b.d.e.DevToolsPropertyDefaultsPostProcessor - For additional web related logging consider setting the 'logging.level.web' property to 'DEBUG'
10:42:05.051 [restartedMain] INFO  o.s.d.r.c.RepositoryConfigurationDelegate - Bootstrapping Spring Data JPA repositories in DEFAULT mode.
10:42:05.190 [restartedMain] INFO  o.s.d.r.c.RepositoryConfigurationDelegate - Finished Spring Data repository scanning in 114 ms. Found 3 JPA repository interfaces.
10:42:06.601 [restartedMain] INFO  o.s.b.w.e.tomcat.TomcatWebServer - Tomcat initialized with port(s): 8080 (http)
10:42:06.621 [restartedMain] INFO  o.a.catalina.core.StandardService - Starting service [Tomcat]
10:42:06.622 [restartedMain] INFO  o.a.catalina.core.StandardEngine - Starting Servlet engine: [Apache Tomcat/10.1.13]
10:42:06.762 [restartedMain] INFO  o.a.c.c.C.[Tomcat].[localhost].[/] - Initializing Spring embedded WebApplicationContext
10:42:06.763 [restartedMain] INFO  o.s.b.w.s.c.ServletWebServerApplicationContext - Root WebApplicationContext: initialization completed in 3334 ms
10:42:07.137 [restartedMain] INFO  o.f.c.i.license.VersionPrinter - Flyway Community Edition 9.16.3 by Redgate
10:42:07.137 [restartedMain] INFO  o.f.c.i.license.VersionPrinter - See release notes here: https://rd.gt/416ObMi
10:42:07.137 [restartedMain] INFO  o.f.c.i.license.VersionPrinter - 
10:42:07.154 [restartedMain] INFO  com.zaxxer.hikari.HikariDataSource - HikariPool-1 - Starting...
10:42:07.589 [restartedMain] INFO  com.zaxxer.hikari.pool.HikariPool - HikariPool-1 - Added connection org.postgresql.jdbc.PgConnection@47cade93
10:42:07.594 [restartedMain] INFO  com.zaxxer.hikari.HikariDataSource - HikariPool-1 - Start completed.
10:42:07.627 [restartedMain] INFO  o.f.c.i.d.base.BaseDatabaseType - Database: jdbc:postgresql://localhost:5432/newOne (PostgreSQL 15.3)
10:42:07.706 [restartedMain] INFO  o.f.core.internal.command.DbValidate - Successfully validated 3 migrations (execution time 00:00.051s)
10:42:07.762 [restartedMain] INFO  o.f.core.internal.command.DbMigrate - Current version of schema "public": 3
10:42:07.763 [restartedMain] INFO  o.f.core.internal.command.DbMigrate - Schema "public" is up to date. No migration necessary.
10:42:07.976 [restartedMain] INFO  o.h.jpa.internal.util.LogHelper - HHH000204: Processing PersistenceUnitInfo [name: default]
10:42:08.136 [restartedMain] INFO  org.hibernate.Version - HHH000412: Hibernate ORM core version 6.2.9.Final
10:42:08.143 [restartedMain] INFO  org.hibernate.cfg.Environment - HHH000406: Using bytecode reflection optimizer
10:42:08.485 [restartedMain] INFO  o.h.b.i.BytecodeProviderInitiator - HHH000021: Bytecode provider name : bytebuddy
10:42:08.776 [restartedMain] INFO  o.s.o.j.p.SpringPersistenceUnitInfo - No LoadTimeWeaver setup: ignoring JPA class transformer
10:42:09.422 [restartedMain] INFO  o.h.b.i.BytecodeProviderInitiator - HHH000021: Bytecode provider name : bytebuddy
10:42:10.999 [restartedMain] INFO  o.h.e.t.j.p.i.JtaPlatformInitiator - HHH000490: Using JtaPlatform implementation: [org.hibernate.engine.transaction.jta.platform.internal.NoJtaPlatform]
10:42:11.060 [restartedMain] INFO  o.s.o.j.LocalContainerEntityManagerFactoryBean - Initialized JPA EntityManagerFactory for persistence unit 'default'
10:42:11.951 [restartedMain] WARN  o.s.b.a.o.j.JpaBaseConfiguration$JpaWebConfiguration - spring.jpa.open-in-view is enabled by default. Therefore, database queries may be performed during view rendering. Explicitly configure spring.jpa.open-in-view to disable this warning
10:42:12.166 [restartedMain] INFO  o.s.b.a.w.s.WelcomePageHandlerMapping - Adding welcome page template: index
10:42:12.501 [restartedMain] INFO  o.s.s.web.DefaultSecurityFilterChain - Will secure any request with [org.springframework.security.web.session.DisableEncodeUrlFilter@3cbde724, org.springframework.security.web.context.request.async.WebAsyncManagerIntegrationFilter@40d1d48a, org.springframework.security.web.context.SecurityContextHolderFilter@112480be, org.springframework.security.web.header.HeaderWriterFilter@174d4c46, org.springframework.security.web.authentication.logout.LogoutFilter@124665da, org.springframework.security.web.authentication.UsernamePasswordAuthenticationFilter@1ec44359, org.springframework.security.web.savedrequest.RequestCacheAwareFilter@682d3782, org.springframework.security.web.servletapi.SecurityContextHolderAwareRequestFilter@160f6871, org.springframework.security.web.authentication.AnonymousAuthenticationFilter@7cb39942, org.springframework.security.web.access.ExceptionTranslationFilter@b1e051b, org.springframework.security.web.access.intercept.AuthorizationFilter@5ef44c9d]
10:42:12.931 [restartedMain] INFO  o.s.b.d.a.OptionalLiveReloadServer - LiveReload server is running on port 35729
10:42:12.975 [restartedMain] INFO  o.s.b.w.e.tomcat.TomcatWebServer - Tomcat started on port(s): 8080 (http) with context path ''
10:42:12.994 [restartedMain] INFO  com.echem.ecshop.EcshopApplication - Started EcshopApplication in 10.73 seconds (process running for 11.893)
10:44:52.343 [SpringApplicationShutdownHook] INFO  o.s.o.j.LocalContainerEntityManagerFactoryBean - Closing JPA EntityManagerFactory for persistence unit 'default'
10:44:52.380 [SpringApplicationShutdownHook] INFO  com.zaxxer.hikari.HikariDataSource - HikariPool-1 - Shutdown initiated...
10:44:52.404 [SpringApplicationShutdownHook] INFO  com.zaxxer.hikari.HikariDataSource - HikariPool-1 - Shutdown completed.
 10:44:57.178 [restartedMain] INFO  com.echem.ecshop.EcshopApplication - Starting EcshopApplication using Java 17.0.7 with PID 41973 (/Users/dmitrijafrosin/IdeaProjects/ecshop/build/classes/java/main started by dmitrijafrosin in /Users/dmitrijafrosin/IdeaProjects/ecshop)
 10:44:57.183 [restartedMain] INFO  com.echem.ecshop.EcshopApplication - No active profile set, falling back to 1 default profile: "default"
 10:44:57.345 [restartedMain] INFO  o.s.b.d.e.DevToolsPropertyDefaultsPostProcessor - Devtools property defaults active! Set 'spring.devtools.add-properties' to 'false' to disable
 10:44:57.346 [restartedMain] INFO  o.s.b.d.e.DevToolsPropertyDefaultsPostProcessor - For additional web related logging consider setting the 'logging.level.web' property to 'DEBUG'
 10:44:59.027 [restartedMain] INFO  o.s.d.r.c.RepositoryConfigurationDelegate - Bootstrapping Spring Data JPA repositories in DEFAULT mode.
 10:44:59.172 [restartedMain] INFO  o.s.d.r.c.RepositoryConfigurationDelegate - Finished Spring Data repository scanning in 125 ms. Found 3 JPA repository interfaces.
 10:45:00.601 [restartedMain] INFO  o.s.b.w.e.tomcat.TomcatWebServer - Tomcat initialized with port(s): 8080 (http)
 10:45:00.627 [restartedMain] INFO  o.a.catalina.core.StandardService - Starting service [Tomcat]
 10:45:00.628 [restartedMain] INFO  o.a.catalina.core.StandardEngine - Starting Servlet engine: [Apache Tomcat/10.1.13]
 10:45:00.774 [restartedMain] INFO  o.a.c.c.C.[Tomcat].[localhost].[/] - Initializing Spring embedded WebApplicationContext
 10:45:00.774 [restartedMain] INFO  o.s.b.w.s.c.ServletWebServerApplicationContext - Root WebApplicationContext: initialization completed in 3427 ms
 10:45:01.150 [restartedMain] INFO  o.f.c.i.license.VersionPrinter - Flyway Community Edition 9.16.3 by Redgate
 10:45:01.150 [restartedMain] INFO  o.f.c.i.license.VersionPrinter - See release notes here: https://rd.gt/416ObMi
 10:45:01.150 [restartedMain] INFO  o.f.c.i.license.VersionPrinter - 
 10:45:01.170 [restartedMain] INFO  com.zaxxer.hikari.HikariDataSource - HikariPool-1 - Starting...
 10:45:01.569 [restartedMain] INFO  com.zaxxer.hikari.pool.HikariPool - HikariPool-1 - Added connection org.postgresql.jdbc.PgConnection@2090f535
 10:45:01.572 [restartedMain] INFO  com.zaxxer.hikari.HikariDataSource - HikariPool-1 - Start completed.
 10:45:01.598 [restartedMain] INFO  o.f.c.i.d.base.BaseDatabaseType - Database: jdbc:postgresql://localhost:5432/newOne (PostgreSQL 15.3)
 10:45:01.676 [restartedMain] INFO  o.f.core.internal.command.DbValidate - Successfully validated 3 migrations (execution time 00:00.048s)
 10:45:01.732 [restartedMain] INFO  o.f.core.internal.command.DbMigrate - Current version of schema "public": 3
 10:45:01.733 [restartedMain] INFO  o.f.core.internal.command.DbMigrate - Schema "public" is up to date. No migration necessary.
 10:45:01.935 [restartedMain] INFO  o.h.jpa.internal.util.LogHelper - HHH000204: Processing PersistenceUnitInfo [name: default]
 10:45:02.113 [restartedMain] INFO  org.hibernate.Version - HHH000412: Hibernate ORM core version 6.2.9.Final
 10:45:02.119 [restartedMain] INFO  org.hibernate.cfg.Environment - HHH000406: Using bytecode reflection optimizer
 10:45:02.452 [restartedMain] INFO  o.h.b.i.BytecodeProviderInitiator - HHH000021: Bytecode provider name : bytebuddy
 10:45:02.774 [restartedMain] INFO  o.s.o.j.p.SpringPersistenceUnitInfo - No LoadTimeWeaver setup: ignoring JPA class transformer
 10:45:03.497 [restartedMain] INFO  o.h.b.i.BytecodeProviderInitiator - HHH000021: Bytecode provider name : bytebuddy
 10:45:04.984 [restartedMain] INFO  o.h.e.t.j.p.i.JtaPlatformInitiator - HHH000490: Using JtaPlatform implementation: [org.hibernate.engine.transaction.jta.platform.internal.NoJtaPlatform]
 10:45:05.049 [restartedMain] INFO  o.s.o.j.LocalContainerEntityManagerFactoryBean - Initialized JPA EntityManagerFactory for persistence unit 'default'
 10:45:05.972 [restartedMain] WARN  o.s.b.a.o.j.JpaBaseConfiguration$JpaWebConfiguration - spring.jpa.open-in-view is enabled by default. Therefore, database queries may be performed during view rendering. Explicitly configure spring.jpa.open-in-view to disable this warning
 10:45:06.181 [restartedMain] INFO  o.s.b.a.w.s.WelcomePageHandlerMapping - Adding welcome page template: index
 10:45:06.535 [restartedMain] INFO  o.s.s.web.DefaultSecurityFilterChain - Will secure any request with [org.springframework.security.web.session.DisableEncodeUrlFilter@7067a5a3, org.springframework.security.web.context.request.async.WebAsyncManagerIntegrationFilter@7cd784ee, org.springframework.security.web.context.SecurityContextHolderFilter@68e619a, org.springframework.security.web.header.HeaderWriterFilter@780b3337, org.springframework.security.web.authentication.logout.LogoutFilter@7f5468d5, org.springframework.security.web.authentication.UsernamePasswordAuthenticationFilter@69cb0a25, org.springframework.security.web.savedrequest.RequestCacheAwareFilter@b1e051b, org.springframework.security.web.servletapi.SecurityContextHolderAwareRequestFilter@20b61431, org.springframework.security.web.authentication.AnonymousAuthenticationFilter@4d7c3373, org.springframework.security.web.access.ExceptionTranslationFilter@291b71e3, org.springframework.security.web.access.intercept.AuthorizationFilter@3ca61342]
 10:45:07.038 [restartedMain] INFO  o.s.b.d.a.OptionalLiveReloadServer - LiveReload server is running on port 35729
 10:45:07.095 [restartedMain] INFO  o.s.b.w.e.tomcat.TomcatWebServer - Tomcat started on port(s): 8080 (http) with context path ''
 10:45:07.115 [restartedMain] INFO  com.echem.ecshop.EcshopApplication - Started EcshopApplication in 10.907 seconds (process running for 11.988)
 10:45:26.385 [SpringApplicationShutdownHook] INFO  o.s.o.j.LocalContainerEntityManagerFactoryBean - Closing JPA EntityManagerFactory for persistence unit 'default'
 10:45:26.404 [SpringApplicationShutdownHook] INFO  com.zaxxer.hikari.HikariDataSource - HikariPool-1 - Shutdown initiated...
 10:45:26.410 [SpringApplicationShutdownHook] INFO  com.zaxxer.hikari.HikariDataSource - HikariPool-1 - Shutdown completed.
 10:45:31.379 [restartedMain] INFO  com.echem.ecshop.EcshopApplication - Starting EcshopApplication using Java 17.0.7 with PID 42015 (/Users/dmitrijafrosin/IdeaProjects/ecshop/build/classes/java/main started by dmitrijafrosin in /Users/dmitrijafrosin/IdeaProjects/ecshop)
 10:45:31.393 [restartedMain] INFO  com.echem.ecshop.EcshopApplication - No active profile set, falling back to 1 default profile: "default"
 10:45:31.600 [restartedMain] INFO  o.s.b.d.e.DevToolsPropertyDefaultsPostProcessor - Devtools property defaults active! Set 'spring.devtools.add-properties' to 'false' to disable
 10:45:31.601 [restartedMain] INFO  o.s.b.d.e.DevToolsPropertyDefaultsPostProcessor - For additional web related logging consider setting the 'logging.level.web' property to 'DEBUG'
 10:45:33.605 [restartedMain] INFO  o.s.d.r.c.RepositoryConfigurationDelegate - Bootstrapping Spring Data JPA repositories in DEFAULT mode.
 10:45:33.754 [restartedMain] INFO  o.s.d.r.c.RepositoryConfigurationDelegate - Finished Spring Data repository scanning in 128 ms. Found 3 JPA repository interfaces.
 10:45:35.460 [restartedMain] INFO  o.s.b.w.e.tomcat.TomcatWebServer - Tomcat initialized with port(s): 8080 (http)
 10:45:35.636 [restartedMain] INFO  o.s.b.w.s.c.ServletWebServerApplicationContext - Root WebApplicationContext: initialization completed in 4033 ms
 10:45:36.016 [restartedMain] INFO  o.f.c.i.license.VersionPrinter - Flyway Community Edition 9.16.3 by Redgate
 10:45:36.017 [restartedMain] INFO  o.f.c.i.license.VersionPrinter - See release notes here: https://rd.gt/416ObMi
 10:45:36.018 [restartedMain] INFO  o.f.c.i.license.VersionPrinter - 
 10:45:36.038 [restartedMain] INFO  com.zaxxer.hikari.HikariDataSource - HikariPool-1 - Starting...
 10:45:36.425 [restartedMain] INFO  com.zaxxer.hikari.pool.HikariPool - HikariPool-1 - Added connection org.postgresql.jdbc.PgConnection@76318855
 10:45:36.427 [restartedMain] INFO  com.zaxxer.hikari.HikariDataSource - HikariPool-1 - Start completed.
 10:45:36.452 [restartedMain] INFO  o.f.c.i.d.base.BaseDatabaseType - Database: jdbc:postgresql://localhost:5432/newOne (PostgreSQL 15.3)
 10:45:36.527 [restartedMain] INFO  o.f.core.internal.command.DbValidate - Successfully validated 3 migrations (execution time 00:00.044s)
 10:45:36.595 [restartedMain] INFO  o.f.core.internal.command.DbMigrate - Current version of schema "public": 3
 10:45:36.596 [restartedMain] INFO  o.f.core.internal.command.DbMigrate - Schema "public" is up to date. No migration necessary.
 10:45:36.790 [restartedMain] INFO  o.h.jpa.internal.util.LogHelper - HHH000204: Processing PersistenceUnitInfo [name: default]
 10:45:36.933 [restartedMain] INFO  org.hibernate.Version - HHH000412: Hibernate ORM core version 6.2.9.Final
 10:45:36.941 [restartedMain] INFO  org.hibernate.cfg.Environment - HHH000406: Using bytecode reflection optimizer
 10:45:37.255 [restartedMain] INFO  o.h.b.i.BytecodeProviderInitiator - HHH000021: Bytecode provider name : bytebuddy
 10:45:37.567 [restartedMain] INFO  o.s.o.j.p.SpringPersistenceUnitInfo - No LoadTimeWeaver setup: ignoring JPA class transformer
 10:45:38.273 [restartedMain] INFO  o.h.b.i.BytecodeProviderInitiator - HHH000021: Bytecode provider name : bytebuddy
 10:45:39.903 [restartedMain] INFO  o.h.e.t.j.p.i.JtaPlatformInitiator - HHH000490: Using JtaPlatform implementation: [org.hibernate.engine.transaction.jta.platform.internal.NoJtaPlatform]
 10:45:39.956 [restartedMain] INFO  o.s.o.j.LocalContainerEntityManagerFactoryBean - Initialized JPA EntityManagerFactory for persistence unit 'default'
 10:45:40.837 [restartedMain] WARN  o.s.b.a.o.j.JpaBaseConfiguration$JpaWebConfiguration - spring.jpa.open-in-view is enabled by default. Therefore, database queries may be performed during view rendering. Explicitly configure spring.jpa.open-in-view to disable this warning
 10:45:41.161 [restartedMain] INFO  o.s.b.a.w.s.WelcomePageHandlerMapping - Adding welcome page template: index
 10:45:41.481 [restartedMain] INFO  o.s.s.web.DefaultSecurityFilterChain - Will secure any request with [org.springframework.security.web.session.DisableEncodeUrlFilter@36942f59, org.springframework.security.web.context.request.async.WebAsyncManagerIntegrationFilter@65c36a68, org.springframework.security.web.context.SecurityContextHolderFilter@782aa12a, org.springframework.security.web.header.HeaderWriterFilter@112480be, org.springframework.security.web.authentication.logout.LogoutFilter@69cb0a25, org.springframework.security.web.authentication.UsernamePasswordAuthenticationFilter@40d1d48a, org.springframework.security.web.savedrequest.RequestCacheAwareFilter@171fdc37, org.springframework.security.web.servletapi.SecurityContextHolderAwareRequestFilter@68ed9371, org.springframework.security.web.authentication.AnonymousAuthenticationFilter@2bf887de, org.springframework.security.web.access.ExceptionTranslationFilter@5b7bf498, org.springframework.security.web.access.intercept.AuthorizationFilter@3cbde724]
 10:45:41.892 [restartedMain] INFO  o.s.b.d.a.OptionalLiveReloadServer - LiveReload server is running on port 35729
 10:45:41.935 [restartedMain] INFO  o.s.b.w.e.tomcat.TomcatWebServer - Tomcat started on port(s): 8080 (http) with context path ''
 10:45:41.956 [restartedMain] INFO  com.echem.ecshop.EcshopApplication - Started EcshopApplication in 12.016 seconds (process running for 13.11)
 10:45:41.988 [SpringApplicationShutdownHook] INFO  o.s.o.j.LocalContainerEntityManagerFactoryBean - Closing JPA EntityManagerFactory for persistence unit 'default'
 10:45:41.995 [SpringApplicationShutdownHook] INFO  com.zaxxer.hikari.HikariDataSource - HikariPool-1 - Shutdown initiated...
 10:45:42.000 [SpringApplicationShutdownHook] INFO  com.zaxxer.hikari.HikariDataSource - HikariPool-1 - Shutdown completed.
 INFO 10:47:38.387 [restartedMain] INFO  com.echem.ecshop.EcshopApplication - Starting EcshopApplication using Java 17.0.7 with PID 42112 (/Users/dmitrijafrosin/IdeaProjects/ecshop/build/classes/java/main started by dmitrijafrosin in /Users/dmitrijafrosin/IdeaProjects/ecshop)
 INFO 10:47:38.398 [restartedMain] INFO  com.echem.ecshop.EcshopApplication - No active profile set, falling back to 1 default profile: "default"
 INFO 10:47:38.577 [restartedMain] INFO  o.s.b.d.e.DevToolsPropertyDefaultsPostProcessor - Devtools property defaults active! Set 'spring.devtools.add-properties' to 'false' to disable
 INFO 10:47:38.578 [restartedMain] INFO  o.s.b.d.e.DevToolsPropertyDefaultsPostProcessor - For additional web related logging consider setting the 'logging.level.web' property to 'DEBUG'
 INFO 10:47:40.388 [restartedMain] INFO  o.s.d.r.c.RepositoryConfigurationDelegate - Bootstrapping Spring Data JPA repositories in DEFAULT mode.
 INFO 10:47:40.608 [restartedMain] INFO  o.s.d.r.c.RepositoryConfigurationDelegate - Finished Spring Data repository scanning in 196 ms. Found 3 JPA repository interfaces.
 INFO 10:47:42.759 [restartedMain] INFO  o.s.b.w.e.tomcat.TomcatWebServer - Tomcat initialized with port(s): 8080 (http)
 INFO 10:47:42.783 [restartedMain] INFO  o.a.catalina.core.StandardService - Starting service [Tomcat]
 INFO 10:47:42.783 [restartedMain] INFO  o.a.catalina.core.StandardEngine - Starting Servlet engine: [Apache Tomcat/10.1.13]
 INFO 10:47:43.001 [restartedMain] INFO  o.a.c.c.C.[Tomcat].[localhost].[/] - Initializing Spring embedded WebApplicationContext
 INFO 10:47:43.002 [restartedMain] INFO  o.s.b.w.s.c.ServletWebServerApplicationContext - Root WebApplicationContext: initialization completed in 4423 ms
 INFO 10:47:43.601 [restartedMain] INFO  o.f.c.i.license.VersionPrinter - Flyway Community Edition 9.16.3 by Redgate
 INFO 10:47:43.602 [restartedMain] INFO  o.f.c.i.license.VersionPrinter - See release notes here: https://rd.gt/416ObMi
 INFO 10:47:43.602 [restartedMain] INFO  o.f.c.i.license.VersionPrinter - 
 INFO 10:47:43.632 [restartedMain] INFO  com.zaxxer.hikari.HikariDataSource - HikariPool-1 - Starting...
 INFO 10:47:43.998 [restartedMain] INFO  com.zaxxer.hikari.pool.HikariPool - HikariPool-1 - Added connection org.postgresql.jdbc.PgConnection@73ae092e
 INFO 10:47:44.001 [restartedMain] INFO  com.zaxxer.hikari.HikariDataSource - HikariPool-1 - Start completed.
 INFO 10:47:44.031 [restartedMain] INFO  o.f.c.i.d.base.BaseDatabaseType - Database: jdbc:postgresql://localhost:5432/newOne (PostgreSQL 15.3)
 INFO 10:47:44.126 [restartedMain] INFO  o.f.core.internal.command.DbValidate - Successfully validated 3 migrations (execution time 00:00.056s)
 INFO 10:47:44.163 [restartedMain] INFO  o.f.core.internal.command.DbMigrate - Current version of schema "public": 3
 INFO 10:47:44.164 [restartedMain] INFO  o.f.core.internal.command.DbMigrate - Schema "public" is up to date. No migration necessary.
 INFO 10:47:44.387 [restartedMain] INFO  o.h.jpa.internal.util.LogHelper - HHH000204: Processing PersistenceUnitInfo [name: default]
 INFO 10:47:44.592 [restartedMain] INFO  org.hibernate.Version - HHH000412: Hibernate ORM core version 6.2.9.Final
 INFO 10:47:44.597 [restartedMain] INFO  org.hibernate.cfg.Environment - HHH000406: Using bytecode reflection optimizer
 INFO 10:47:45.055 [restartedMain] INFO  o.h.b.i.BytecodeProviderInitiator - HHH000021: Bytecode provider name : bytebuddy
 INFO 10:47:45.478 [restartedMain] INFO  o.s.o.j.p.SpringPersistenceUnitInfo - No LoadTimeWeaver setup: ignoring JPA class transformer
 INFO 10:47:46.304 [restartedMain] INFO  o.h.b.i.BytecodeProviderInitiator - HHH000021: Bytecode provider name : bytebuddy
 INFO 10:47:48.269 [restartedMain] INFO  o.h.e.t.j.p.i.JtaPlatformInitiator - HHH000490: Using JtaPlatform implementation: [org.hibernate.engine.transaction.jta.platform.internal.NoJtaPlatform]
 INFO 10:47:48.338 [restartedMain] INFO  o.s.o.j.LocalContainerEntityManagerFactoryBean - Initialized JPA EntityManagerFactory for persistence unit 'default'
 WARN 10:47:49.461 [restartedMain] WARN  o.s.b.a.o.j.JpaBaseConfiguration$JpaWebConfiguration - spring.jpa.open-in-view is enabled by default. Therefore, database queries may be performed during view rendering. Explicitly configure spring.jpa.open-in-view to disable this warning
 INFO 10:47:49.822 [restartedMain] INFO  o.s.b.a.w.s.WelcomePageHandlerMapping - Adding welcome page template: index
 INFO 10:47:50.369 [restartedMain] INFO  o.s.s.web.DefaultSecurityFilterChain - Will secure any request with [org.springframework.security.web.session.DisableEncodeUrlFilter@4802da73, org.springframework.security.web.context.request.async.WebAsyncManagerIntegrationFilter@7067a5a3, org.springframework.security.web.context.SecurityContextHolderFilter@3a1a7af8, org.springframework.security.web.header.HeaderWriterFilter@7c480c05, org.springframework.security.web.authentication.logout.LogoutFilter@515aad73, org.springframework.security.web.authentication.UsernamePasswordAuthenticationFilter@3ca61342, org.springframework.security.web.savedrequest.RequestCacheAwareFilter@27bd78f7, org.springframework.security.web.servletapi.SecurityContextHolderAwareRequestFilter@5b7bf498, org.springframework.security.web.authentication.AnonymousAuthenticationFilter@7cd784ee, org.springframework.security.web.access.ExceptionTranslationFilter@406e152e, org.springframework.security.web.access.intercept.AuthorizationFilter@2b4263eb]
 INFO 10:47:51.142 [restartedMain] INFO  o.s.b.d.a.OptionalLiveReloadServer - LiveReload server is running on port 35729
 INFO 10:47:51.185 [restartedMain] INFO  o.s.b.w.e.tomcat.TomcatWebServer - Tomcat started on port(s): 8080 (http) with context path ''
 INFO 10:47:51.200 [restartedMain] INFO  com.echem.ecshop.EcshopApplication - Started EcshopApplication in 14.007 seconds (process running for 15.315)
 INFO 10:51:57.494 [SpringApplicationShutdownHook] INFO  o.s.o.j.LocalContainerEntityManagerFactoryBean - Closing JPA EntityManagerFactory for persistence unit 'default'
 INFO 10:51:57.586 [SpringApplicationShutdownHook] INFO  com.zaxxer.hikari.HikariDataSource - HikariPool-1 - Shutdown initiated...
 INFO 10:51:57.629 [SpringApplicationShutdownHook] INFO  com.zaxxer.hikari.HikariDataSource - HikariPool-1 - Shutdown completed.
 10:52:02.252 [restartedMain] INFO  com.echem.ecshop.EcshopApplication - Starting EcshopApplication using Java 17.0.7 with PID 42291 (/Users/dmitrijafrosin/IdeaProjects/ecshop/build/classes/java/main started by dmitrijafrosin in /Users/dmitrijafrosin/IdeaProjects/ecshop)
 10:52:02.273 [restartedMain] INFO  com.echem.ecshop.EcshopApplication - No active profile set, falling back to 1 default profile: "default"
 10:52:02.414 [restartedMain] INFO  o.s.b.d.e.DevToolsPropertyDefaultsPostProcessor - Devtools property defaults active! Set 'spring.devtools.add-properties' to 'false' to disable
 10:52:02.414 [restartedMain] INFO  o.s.b.d.e.DevToolsPropertyDefaultsPostProcessor - For additional web related logging consider setting the 'logging.level.web' property to 'DEBUG'
 10:52:04.137 [restartedMain] INFO  o.s.d.r.c.RepositoryConfigurationDelegate - Bootstrapping Spring Data JPA repositories in DEFAULT mode.
 10:52:04.299 [restartedMain] INFO  o.s.d.r.c.RepositoryConfigurationDelegate - Finished Spring Data repository scanning in 141 ms. Found 3 JPA repository interfaces.
 10:52:06.152 [restartedMain] INFO  o.s.b.w.e.tomcat.TomcatWebServer - Tomcat initialized with port(s): 8080 (http)
 10:52:06.338 [restartedMain] INFO  o.a.catalina.core.StandardService - Starting service [Tomcat]
 10:52:06.339 [restartedMain] INFO  o.a.catalina.core.StandardEngine - Starting Servlet engine: [Apache Tomcat/10.1.13]
 10:52:06.502 [restartedMain] INFO  o.a.c.c.C.[Tomcat].[localhost].[/] - Initializing Spring embedded WebApplicationContext
 10:52:06.503 [restartedMain] INFO  o.s.b.w.s.c.ServletWebServerApplicationContext - Root WebApplicationContext: initialization completed in 4088 ms
 10:52:07.749 [restartedMain] INFO  o.f.c.i.license.VersionPrinter - Flyway Community Edition 9.16.3 by Redgate
 10:52:07.753 [restartedMain] INFO  o.f.c.i.license.VersionPrinter - See release notes here: https://rd.gt/416ObMi
 10:52:07.756 [restartedMain] INFO  o.f.c.i.license.VersionPrinter - 
 10:52:07.806 [restartedMain] INFO  com.zaxxer.hikari.HikariDataSource - HikariPool-1 - Starting...
 10:52:08.896 [restartedMain] INFO  com.zaxxer.hikari.pool.HikariPool - HikariPool-1 - Added connection org.postgresql.jdbc.PgConnection@5afc7d40
 10:52:08.902 [restartedMain] INFO  com.zaxxer.hikari.HikariDataSource - HikariPool-1 - Start completed.
 10:52:08.935 [restartedMain] INFO  o.f.c.i.d.base.BaseDatabaseType - Database: jdbc:postgresql://localhost:5432/newOne (PostgreSQL 15.3)
 10:52:09.137 [restartedMain] INFO  o.f.core.internal.command.DbValidate - Successfully validated 3 migrations (execution time 00:00.117s)
 10:52:09.178 [restartedMain] INFO  o.f.core.internal.command.DbMigrate - Current version of schema "public": 3
 10:52:09.184 [restartedMain] INFO  o.f.core.internal.command.DbMigrate - Schema "public" is up to date. No migration necessary.
 10:52:09.522 [restartedMain] INFO  o.h.jpa.internal.util.LogHelper - HHH000204: Processing PersistenceUnitInfo [name: default]
 10:52:09.779 [restartedMain] INFO  org.hibernate.Version - HHH000412: Hibernate ORM core version 6.2.9.Final
 10:52:09.784 [restartedMain] INFO  org.hibernate.cfg.Environment - HHH000406: Using bytecode reflection optimizer
 10:52:10.104 [restartedMain] INFO  o.h.b.i.BytecodeProviderInitiator - HHH000021: Bytecode provider name : bytebuddy
 10:52:10.391 [restartedMain] INFO  o.s.o.j.p.SpringPersistenceUnitInfo - No LoadTimeWeaver setup: ignoring JPA class transformer
 10:52:11.158 [restartedMain] INFO  o.h.b.i.BytecodeProviderInitiator - HHH000021: Bytecode provider name : bytebuddy
 10:52:12.793 [restartedMain] INFO  o.h.e.t.j.p.i.JtaPlatformInitiator - HHH000490: Using JtaPlatform implementation: [org.hibernate.engine.transaction.jta.platform.internal.NoJtaPlatform]
 10:52:12.901 [restartedMain] INFO  o.s.o.j.LocalContainerEntityManagerFactoryBean - Initialized JPA EntityManagerFactory for persistence unit 'default'
 10:52:13.948 [restartedMain] WARN  o.s.b.a.o.j.JpaBaseConfiguration$JpaWebConfiguration - spring.jpa.open-in-view is enabled by default. Therefore, database queries may be performed during view rendering. Explicitly configure spring.jpa.open-in-view to disable this warning
 10:52:14.189 [restartedMain] INFO  o.s.b.a.w.s.WelcomePageHandlerMapping - Adding welcome page template: index
 10:52:14.591 [restartedMain] INFO  o.s.s.web.DefaultSecurityFilterChain - Will secure any request with [org.springframework.security.web.session.DisableEncodeUrlFilter@2270ab22, org.springframework.security.web.context.request.async.WebAsyncManagerIntegrationFilter@6dd09647, org.springframework.security.web.context.SecurityContextHolderFilter@5812773c, org.springframework.security.web.header.HeaderWriterFilter@35523d30, org.springframework.security.web.authentication.logout.LogoutFilter@5f3e6355, org.springframework.security.web.authentication.UsernamePasswordAuthenticationFilter@824297b, org.springframework.security.web.savedrequest.RequestCacheAwareFilter@42486a7a, org.springframework.security.web.servletapi.SecurityContextHolderAwareRequestFilter@2e13cb3f, org.springframework.security.web.authentication.AnonymousAuthenticationFilter@26114c37, org.springframework.security.web.access.ExceptionTranslationFilter@7261ce77, org.springframework.security.web.access.intercept.AuthorizationFilter@1a89a954]
 10:52:15.050 [restartedMain] INFO  o.s.b.d.a.OptionalLiveReloadServer - LiveReload server is running on port 35729
 10:52:15.108 [restartedMain] INFO  o.s.b.w.e.tomcat.TomcatWebServer - Tomcat started on port(s): 8080 (http) with context path ''
 10:52:15.127 [restartedMain] INFO  com.echem.ecshop.EcshopApplication - Started EcshopApplication in 13.878 seconds (process running for 15.056)
 10:53:50.430 [SpringApplicationShutdownHook] INFO  o.s.o.j.LocalContainerEntityManagerFactoryBean - Closing JPA EntityManagerFactory for persistence unit 'default'
 10:53:50.460 [SpringApplicationShutdownHook] INFO  com.zaxxer.hikari.HikariDataSource - HikariPool-1 - Shutdown initiated...
 10:53:50.470 [SpringApplicationShutdownHook] INFO  com.zaxxer.hikari.HikariDataSource - HikariPool-1 - Shutdown completed.
10:53:55.109 [restartedMain] INFO  com.echem.ecshop.EcshopApplication - Starting EcshopApplication using Java 17.0.7 with PID 42373 (/Users/dmitrijafrosin/IdeaProjects/ecshop/build/classes/java/main started by dmitrijafrosin in /Users/dmitrijafrosin/IdeaProjects/ecshop)
10:53:55.114 [restartedMain] INFO  com.echem.ecshop.EcshopApplication - No active profile set, falling back to 1 default profile: "default"
10:53:55.260 [restartedMain] INFO  o.s.b.d.e.DevToolsPropertyDefaultsPostProcessor - Devtools property defaults active! Set 'spring.devtools.add-properties' to 'false' to disable
10:53:55.263 [restartedMain] INFO  o.s.b.d.e.DevToolsPropertyDefaultsPostProcessor - For additional web related logging consider setting the 'logging.level.web' property to 'DEBUG'
10:53:56.827 [restartedMain] INFO  o.s.d.r.c.RepositoryConfigurationDelegate - Bootstrapping Spring Data JPA repositories in DEFAULT mode.
10:53:57.007 [restartedMain] INFO  o.s.d.r.c.RepositoryConfigurationDelegate - Finished Spring Data repository scanning in 154 ms. Found 3 JPA repository interfaces.
10:53:59.060 [restartedMain] INFO  o.s.b.w.e.tomcat.TomcatWebServer - Tomcat initialized with port(s): 8080 (http)
10:53:59.084 [restartedMain] INFO  o.a.catalina.core.StandardService - Starting service [Tomcat]
10:53:59.085 [restartedMain] INFO  o.a.catalina.core.StandardEngine - Starting Servlet engine: [Apache Tomcat/10.1.13]
10:53:59.217 [restartedMain] INFO  o.a.c.c.C.[Tomcat].[localhost].[/] - Initializing Spring embedded WebApplicationContext
10:53:59.218 [restartedMain] INFO  o.s.b.w.s.c.ServletWebServerApplicationContext - Root WebApplicationContext: initialization completed in 3953 ms
10:53:59.692 [restartedMain] INFO  o.f.c.i.license.VersionPrinter - Flyway Community Edition 9.16.3 by Redgate
10:53:59.693 [restartedMain] INFO  o.f.c.i.license.VersionPrinter - See release notes here: https://rd.gt/416ObMi
10:53:59.694 [restartedMain] INFO  o.f.c.i.license.VersionPrinter - 
10:53:59.752 [restartedMain] INFO  com.zaxxer.hikari.HikariDataSource - HikariPool-1 - Starting...
10:54:00.184 [restartedMain] INFO  com.zaxxer.hikari.pool.HikariPool - HikariPool-1 - Added connection org.postgresql.jdbc.PgConnection@5afc7d40
10:54:00.188 [restartedMain] INFO  com.zaxxer.hikari.HikariDataSource - HikariPool-1 - Start completed.
10:54:00.221 [restartedMain] INFO  o.f.c.i.d.base.BaseDatabaseType - Database: jdbc:postgresql://localhost:5432/newOne (PostgreSQL 15.3)
10:54:00.315 [restartedMain] INFO  o.f.core.internal.command.DbValidate - Successfully validated 3 migrations (execution time 00:00.058s)
10:54:00.344 [restartedMain] INFO  o.f.core.internal.command.DbMigrate - Current version of schema "public": 3
10:54:00.347 [restartedMain] INFO  o.f.core.internal.command.DbMigrate - Schema "public" is up to date. No migration necessary.
10:54:00.584 [restartedMain] INFO  o.h.jpa.internal.util.LogHelper - HHH000204: Processing PersistenceUnitInfo [name: default]
10:54:00.855 [restartedMain] INFO  org.hibernate.Version - HHH000412: Hibernate ORM core version 6.2.9.Final
10:54:00.860 [restartedMain] INFO  org.hibernate.cfg.Environment - HHH000406: Using bytecode reflection optimizer
10:54:01.247 [restartedMain] INFO  o.h.b.i.BytecodeProviderInitiator - HHH000021: Bytecode provider name : bytebuddy
10:54:01.565 [restartedMain] INFO  o.s.o.j.p.SpringPersistenceUnitInfo - No LoadTimeWeaver setup: ignoring JPA class transformer
10:54:02.310 [restartedMain] INFO  o.h.b.i.BytecodeProviderInitiator - HHH000021: Bytecode provider name : bytebuddy
10:54:04.081 [restartedMain] INFO  o.h.e.t.j.p.i.JtaPlatformInitiator - HHH000490: Using JtaPlatform implementation: [org.hibernate.engine.transaction.jta.platform.internal.NoJtaPlatform]
10:54:04.140 [restartedMain] INFO  o.s.o.j.LocalContainerEntityManagerFactoryBean - Initialized JPA EntityManagerFactory for persistence unit 'default'
10:54:05.156 [restartedMain] WARN  o.s.b.a.o.j.JpaBaseConfiguration$JpaWebConfiguration - spring.jpa.open-in-view is enabled by default. Therefore, database queries may be performed during view rendering. Explicitly configure spring.jpa.open-in-view to disable this warning
10:54:05.399 [restartedMain] INFO  o.s.b.a.w.s.WelcomePageHandlerMapping - Adding welcome page template: index
10:54:05.789 [restartedMain] INFO  o.s.s.web.DefaultSecurityFilterChain - Will secure any request with [org.springframework.security.web.session.DisableEncodeUrlFilter@2270ab22, org.springframework.security.web.context.request.async.WebAsyncManagerIntegrationFilter@6dd09647, org.springframework.security.web.context.SecurityContextHolderFilter@5812773c, org.springframework.security.web.header.HeaderWriterFilter@35523d30, org.springframework.security.web.authentication.logout.LogoutFilter@5f3e6355, org.springframework.security.web.authentication.UsernamePasswordAuthenticationFilter@824297b, org.springframework.security.web.savedrequest.RequestCacheAwareFilter@42486a7a, org.springframework.security.web.servletapi.SecurityContextHolderAwareRequestFilter@2e13cb3f, org.springframework.security.web.authentication.AnonymousAuthenticationFilter@26114c37, org.springframework.security.web.access.ExceptionTranslationFilter@7261ce77, org.springframework.security.web.access.intercept.AuthorizationFilter@1a89a954]
10:54:06.339 [restartedMain] INFO  o.s.b.d.a.OptionalLiveReloadServer - LiveReload server is running on port 35729
10:54:06.388 [restartedMain] INFO  o.s.b.w.e.tomcat.TomcatWebServer - Tomcat started on port(s): 8080 (http) with context path ''
10:54:06.406 [restartedMain] INFO  com.echem.ecshop.EcshopApplication - Started EcshopApplication in 12.352 seconds (process running for 13.448)
10:56:20.089 [SpringApplicationShutdownHook] INFO  o.s.o.j.LocalContainerEntityManagerFactoryBean - Closing JPA EntityManagerFactory for persistence unit 'default'
10:56:20.114 [SpringApplicationShutdownHook] INFO  com.zaxxer.hikari.HikariDataSource - HikariPool-1 - Shutdown initiated...
10:56:20.120 [SpringApplicationShutdownHook] INFO  com.zaxxer.hikari.HikariDataSource - HikariPool-1 - Shutdown completed.
10:56:40.971 [restartedMain] INFO  com.echem.ecshop.EcshopApplication - Starting EcshopApplication using Java 17.0.7 with PID 42491 (/Users/dmitrijafrosin/IdeaProjects/ecshop/build/classes/java/main started by dmitrijafrosin in /Users/dmitrijafrosin/IdeaProjects/ecshop)
10:56:40.989 [restartedMain] INFO  com.echem.ecshop.EcshopApplication - No active profile set, falling back to 1 default profile: "default"
10:56:41.146 [restartedMain] INFO  o.s.b.d.e.DevToolsPropertyDefaultsPostProcessor - Devtools property defaults active! Set 'spring.devtools.add-properties' to 'false' to disable
10:56:41.147 [restartedMain] INFO  o.s.b.d.e.DevToolsPropertyDefaultsPostProcessor - For additional web related logging consider setting the 'logging.level.web' property to 'DEBUG'
10:56:42.896 [restartedMain] INFO  o.s.d.r.c.RepositoryConfigurationDelegate - Bootstrapping Spring Data JPA repositories in DEFAULT mode.
10:56:43.065 [restartedMain] INFO  o.s.d.r.c.RepositoryConfigurationDelegate - Finished Spring Data repository scanning in 144 ms. Found 3 JPA repository interfaces.
10:56:44.854 [restartedMain] INFO  o.s.b.w.e.tomcat.TomcatWebServer - Tomcat initialized with port(s): 8080 (http)
10:56:44.892 [restartedMain] INFO  o.a.catalina.core.StandardService - Starting service [Tomcat]
10:56:44.892 [restartedMain] INFO  o.a.catalina.core.StandardEngine - Starting Servlet engine: [Apache Tomcat/10.1.13]
10:56:45.100 [restartedMain] INFO  o.a.c.c.C.[Tomcat].[localhost].[/] - Initializing Spring embedded WebApplicationContext
10:56:45.101 [restartedMain] INFO  o.s.b.w.s.c.ServletWebServerApplicationContext - Root WebApplicationContext: initialization completed in 3953 ms
10:56:45.578 [restartedMain] INFO  o.f.c.i.license.VersionPrinter - Flyway Community Edition 9.16.3 by Redgate
10:56:45.579 [restartedMain] INFO  o.f.c.i.license.VersionPrinter - See release notes here: https://rd.gt/416ObMi
10:56:45.579 [restartedMain] INFO  o.f.c.i.license.VersionPrinter - 
10:56:45.603 [restartedMain] INFO  com.zaxxer.hikari.HikariDataSource - HikariPool-1 - Starting...
10:56:46.137 [restartedMain] INFO  com.zaxxer.hikari.pool.HikariPool - HikariPool-1 - Added connection org.postgresql.jdbc.PgConnection@5afc7d40
10:56:46.144 [restartedMain] INFO  com.zaxxer.hikari.HikariDataSource - HikariPool-1 - Start completed.
10:56:46.183 [restartedMain] INFO  o.f.c.i.d.base.BaseDatabaseType - Database: jdbc:postgresql://localhost:5432/newOne (PostgreSQL 15.3)
10:56:46.349 [restartedMain] INFO  o.f.core.internal.command.DbValidate - Successfully validated 3 migrations (execution time 00:00.098s)
10:56:46.395 [restartedMain] INFO  o.f.core.internal.command.DbMigrate - Current version of schema "public": 3
10:56:46.396 [restartedMain] INFO  o.f.core.internal.command.DbMigrate - Schema "public" is up to date. No migration necessary.
10:56:46.673 [restartedMain] INFO  o.h.jpa.internal.util.LogHelper - HHH000204: Processing PersistenceUnitInfo [name: default]
10:56:46.897 [restartedMain] INFO  org.hibernate.Version - HHH000412: Hibernate ORM core version 6.2.9.Final
10:56:46.902 [restartedMain] INFO  org.hibernate.cfg.Environment - HHH000406: Using bytecode reflection optimizer
10:56:47.335 [restartedMain] INFO  o.h.b.i.BytecodeProviderInitiator - HHH000021: Bytecode provider name : bytebuddy
10:56:47.899 [restartedMain] INFO  o.s.o.j.p.SpringPersistenceUnitInfo - No LoadTimeWeaver setup: ignoring JPA class transformer
10:56:49.431 [restartedMain] INFO  o.h.b.i.BytecodeProviderInitiator - HHH000021: Bytecode provider name : bytebuddy
10:56:51.537 [restartedMain] INFO  o.h.e.t.j.p.i.JtaPlatformInitiator - HHH000490: Using JtaPlatform implementation: [org.hibernate.engine.transaction.jta.platform.internal.NoJtaPlatform]
10:56:51.617 [restartedMain] INFO  o.s.o.j.LocalContainerEntityManagerFactoryBean - Initialized JPA EntityManagerFactory for persistence unit 'default'
10:56:52.856 [restartedMain] WARN  o.s.b.a.o.j.JpaBaseConfiguration$JpaWebConfiguration - spring.jpa.open-in-view is enabled by default. Therefore, database queries may be performed during view rendering. Explicitly configure spring.jpa.open-in-view to disable this warning
10:56:53.145 [restartedMain] INFO  o.s.b.a.w.s.WelcomePageHandlerMapping - Adding welcome page template: index
10:56:53.524 [restartedMain] INFO  o.s.s.web.DefaultSecurityFilterChain - Will secure any request with [org.springframework.security.web.session.DisableEncodeUrlFilter@5ca2f507, org.springframework.security.web.context.request.async.WebAsyncManagerIntegrationFilter@b3624ce, org.springframework.security.web.context.SecurityContextHolderFilter@6ada943c, org.springframework.security.web.header.HeaderWriterFilter@7261ce77, org.springframework.security.web.authentication.logout.LogoutFilter@708314f3, org.springframework.security.web.authentication.UsernamePasswordAuthenticationFilter@1098de9f, org.springframework.security.web.savedrequest.RequestCacheAwareFilter@5812773c, org.springframework.security.web.servletapi.SecurityContextHolderAwareRequestFilter@3846c257, org.springframework.security.web.authentication.AnonymousAuthenticationFilter@2270ab22, org.springframework.security.web.access.ExceptionTranslationFilter@12922594, org.springframework.security.web.access.intercept.AuthorizationFilter@7d7fe82a]
10:56:53.970 [restartedMain] INFO  o.s.b.d.a.OptionalLiveReloadServer - LiveReload server is running on port 35729
10:56:54.014 [restartedMain] INFO  o.s.b.w.e.tomcat.TomcatWebServer - Tomcat started on port(s): 8080 (http) with context path ''
10:56:54.033 [restartedMain] INFO  com.echem.ecshop.EcshopApplication - Started EcshopApplication in 14.193 seconds (process running for 15.378)
10:56:54.064 [SpringApplicationShutdownHook] INFO  o.s.o.j.LocalContainerEntityManagerFactoryBean - Closing JPA EntityManagerFactory for persistence unit 'default'
10:56:54.084 [SpringApplicationShutdownHook] INFO  com.zaxxer.hikari.HikariDataSource - HikariPool-1 - Shutdown initiated...
10:56:54.088 [SpringApplicationShutdownHook] INFO  com.zaxxer.hikari.HikariDataSource - HikariPool-1 - Shutdown completed.
10:59:14.926 [restartedMain] INFO  com.echem.ecshop.EcshopApplication - Starting EcshopApplication using Java 17.0.7 with PID 42594 (/Users/dmitrijafrosin/IdeaProjects/ecshop/build/classes/java/main started by dmitrijafrosin in /Users/dmitrijafrosin/IdeaProjects/ecshop)
10:59:14.932 [restartedMain] INFO  com.echem.ecshop.EcshopApplication - No active profile set, falling back to 1 default profile: "default"
10:59:15.187 [restartedMain] INFO  o.s.b.d.e.DevToolsPropertyDefaultsPostProcessor - Devtools property defaults active! Set 'spring.devtools.add-properties' to 'false' to disable
10:59:15.194 [restartedMain] INFO  o.s.b.d.e.DevToolsPropertyDefaultsPostProcessor - For additional web related logging consider setting the 'logging.level.web' property to 'DEBUG'
10:59:17.315 [restartedMain] INFO  o.s.d.r.c.RepositoryConfigurationDelegate - Bootstrapping Spring Data JPA repositories in DEFAULT mode.
10:59:17.466 [restartedMain] INFO  o.s.d.r.c.RepositoryConfigurationDelegate - Finished Spring Data repository scanning in 125 ms. Found 3 JPA repository interfaces.
10:59:19.255 [restartedMain] INFO  o.s.b.w.e.tomcat.TomcatWebServer - Tomcat initialized with port(s): 8080 (http)
10:59:19.285 [restartedMain] INFO  o.a.catalina.core.StandardService - Starting service [Tomcat]
10:59:19.286 [restartedMain] INFO  o.a.catalina.core.StandardEngine - Starting Servlet engine: [Apache Tomcat/10.1.13]
10:59:19.447 [restartedMain] INFO  o.a.c.c.C.[Tomcat].[localhost].[/] - Initializing Spring embedded WebApplicationContext
10:59:19.448 [restartedMain] INFO  o.s.b.w.s.c.ServletWebServerApplicationContext - Root WebApplicationContext: initialization completed in 4252 ms
10:59:19.873 [restartedMain] INFO  o.f.c.i.license.VersionPrinter - Flyway Community Edition 9.16.3 by Redgate
10:59:19.873 [restartedMain] INFO  o.f.c.i.license.VersionPrinter - See release notes here: https://rd.gt/416ObMi
10:59:19.873 [restartedMain] INFO  o.f.c.i.license.VersionPrinter - 
10:59:19.901 [restartedMain] INFO  com.zaxxer.hikari.HikariDataSource - HikariPool-1 - Starting...
10:59:20.365 [restartedMain] INFO  com.zaxxer.hikari.pool.HikariPool - HikariPool-1 - Added connection org.postgresql.jdbc.PgConnection@5afc7d40
10:59:20.369 [restartedMain] INFO  com.zaxxer.hikari.HikariDataSource - HikariPool-1 - Start completed.
10:59:20.396 [restartedMain] INFO  o.f.c.i.d.base.BaseDatabaseType - Database: jdbc:postgresql://localhost:5432/newOne (PostgreSQL 15.3)
10:59:20.486 [restartedMain] INFO  o.f.core.internal.command.DbValidate - Successfully validated 3 migrations (execution time 00:00.052s)
10:59:20.541 [restartedMain] INFO  o.f.core.internal.command.DbMigrate - Current version of schema "public": 3
10:59:20.543 [restartedMain] INFO  o.f.core.internal.command.DbMigrate - Schema "public" is up to date. No migration necessary.
10:59:20.808 [restartedMain] INFO  o.h.jpa.internal.util.LogHelper - HHH000204: Processing PersistenceUnitInfo [name: default]
10:59:21.017 [restartedMain] INFO  org.hibernate.Version - HHH000412: Hibernate ORM core version 6.2.9.Final
10:59:21.023 [restartedMain] INFO  org.hibernate.cfg.Environment - HHH000406: Using bytecode reflection optimizer
10:59:21.469 [restartedMain] INFO  o.h.b.i.BytecodeProviderInitiator - HHH000021: Bytecode provider name : bytebuddy
10:59:21.892 [restartedMain] INFO  o.s.o.j.p.SpringPersistenceUnitInfo - No LoadTimeWeaver setup: ignoring JPA class transformer
10:59:22.670 [restartedMain] INFO  o.h.b.i.BytecodeProviderInitiator - HHH000021: Bytecode provider name : bytebuddy
10:59:24.429 [restartedMain] INFO  o.h.e.t.j.p.i.JtaPlatformInitiator - HHH000490: Using JtaPlatform implementation: [org.hibernate.engine.transaction.jta.platform.internal.NoJtaPlatform]
10:59:24.498 [restartedMain] INFO  o.s.o.j.LocalContainerEntityManagerFactoryBean - Initialized JPA EntityManagerFactory for persistence unit 'default'
10:59:25.779 [restartedMain] WARN  o.s.b.a.o.j.JpaBaseConfiguration$JpaWebConfiguration - spring.jpa.open-in-view is enabled by default. Therefore, database queries may be performed during view rendering. Explicitly configure spring.jpa.open-in-view to disable this warning
10:59:26.169 [restartedMain] INFO  o.s.b.a.w.s.WelcomePageHandlerMapping - Adding welcome page template: index
10:59:26.792 [restartedMain] INFO  o.s.s.web.DefaultSecurityFilterChain - Will secure any request with [org.springframework.security.web.session.DisableEncodeUrlFilter@2270ab22, org.springframework.security.web.context.request.async.WebAsyncManagerIntegrationFilter@6dd09647, org.springframework.security.web.context.SecurityContextHolderFilter@5812773c, org.springframework.security.web.header.HeaderWriterFilter@35523d30, org.springframework.security.web.authentication.logout.LogoutFilter@5f3e6355, org.springframework.security.web.authentication.UsernamePasswordAuthenticationFilter@824297b, org.springframework.security.web.savedrequest.RequestCacheAwareFilter@42486a7a, org.springframework.security.web.servletapi.SecurityContextHolderAwareRequestFilter@2e13cb3f, org.springframework.security.web.authentication.AnonymousAuthenticationFilter@26114c37, org.springframework.security.web.access.ExceptionTranslationFilter@7261ce77, org.springframework.security.web.access.intercept.AuthorizationFilter@1a89a954]
10:59:27.566 [restartedMain] INFO  o.s.b.d.a.OptionalLiveReloadServer - LiveReload server is running on port 35729
10:59:27.614 [restartedMain] INFO  o.s.b.w.e.tomcat.TomcatWebServer - Tomcat started on port(s): 8080 (http) with context path ''
10:59:27.635 [restartedMain] INFO  com.echem.ecshop.EcshopApplication - Started EcshopApplication in 13.835 seconds (process running for 15.062)
11:02:33.069 [SpringApplicationShutdownHook] INFO  o.s.o.j.LocalContainerEntityManagerFactoryBean - Closing JPA EntityManagerFactory for persistence unit 'default'
11:02:33.101 [SpringApplicationShutdownHook] INFO  com.zaxxer.hikari.HikariDataSource - HikariPool-1 - Shutdown initiated...
11:02:33.122 [SpringApplicationShutdownHook] INFO  com.zaxxer.hikari.HikariDataSource - HikariPool-1 - Shutdown completed.
11:02:37.920 [restartedMain] INFO  com.echem.ecshop.EcshopApplication - Starting EcshopApplication using Java 17.0.7 with PID 42713 (/Users/dmitrijafrosin/IdeaProjects/ecshop/build/classes/java/main started by dmitrijafrosin in /Users/dmitrijafrosin/IdeaProjects/ecshop)
11:02:37.934 [restartedMain] INFO  com.echem.ecshop.EcshopApplication - No active profile set, falling back to 1 default profile: "default"
11:02:38.082 [restartedMain] INFO  o.s.b.d.e.DevToolsPropertyDefaultsPostProcessor - Devtools property defaults active! Set 'spring.devtools.add-properties' to 'false' to disable
11:02:38.082 [restartedMain] INFO  o.s.b.d.e.DevToolsPropertyDefaultsPostProcessor - For additional web related logging consider setting the 'logging.level.web' property to 'DEBUG'
11:02:39.702 [restartedMain] INFO  o.s.d.r.c.RepositoryConfigurationDelegate - Bootstrapping Spring Data JPA repositories in DEFAULT mode.
11:02:39.847 [restartedMain] INFO  o.s.d.r.c.RepositoryConfigurationDelegate - Finished Spring Data repository scanning in 126 ms. Found 3 JPA repository interfaces.
11:02:41.378 [restartedMain] INFO  o.s.b.w.e.tomcat.TomcatWebServer - Tomcat initialized with port(s): 8080 (http)
11:02:41.398 [restartedMain] INFO  o.a.catalina.core.StandardService - Starting service [Tomcat]
11:02:41.399 [restartedMain] INFO  o.a.catalina.core.StandardEngine - Starting Servlet engine: [Apache Tomcat/10.1.13]
11:02:41.543 [restartedMain] INFO  o.a.c.c.C.[Tomcat].[localhost].[/] - Initializing Spring embedded WebApplicationContext
11:02:41.544 [restartedMain] INFO  o.s.b.w.s.c.ServletWebServerApplicationContext - Root WebApplicationContext: initialization completed in 3460 ms
11:02:41.954 [restartedMain] INFO  o.f.c.i.license.VersionPrinter - Flyway Community Edition 9.16.3 by Redgate
11:02:41.954 [restartedMain] INFO  o.f.c.i.license.VersionPrinter - See release notes here: https://rd.gt/416ObMi
11:02:41.954 [restartedMain] INFO  o.f.c.i.license.VersionPrinter - 
11:02:41.971 [restartedMain] INFO  com.zaxxer.hikari.HikariDataSource - HikariPool-1 - Starting...
11:02:42.351 [restartedMain] INFO  com.zaxxer.hikari.pool.HikariPool - HikariPool-1 - Added connection org.postgresql.jdbc.PgConnection@5afc7d40
11:02:42.354 [restartedMain] INFO  com.zaxxer.hikari.HikariDataSource - HikariPool-1 - Start completed.
11:02:42.381 [restartedMain] INFO  o.f.c.i.d.base.BaseDatabaseType - Database: jdbc:postgresql://localhost:5432/newOne (PostgreSQL 15.3)
11:02:42.481 [restartedMain] INFO  o.f.core.internal.command.DbValidate - Successfully validated 3 migrations (execution time 00:00.068s)
11:02:42.544 [restartedMain] INFO  o.f.core.internal.command.DbMigrate - Current version of schema "public": 3
11:02:42.545 [restartedMain] INFO  o.f.core.internal.command.DbMigrate - Schema "public" is up to date. No migration necessary.
11:02:42.778 [restartedMain] INFO  o.h.jpa.internal.util.LogHelper - HHH000204: Processing PersistenceUnitInfo [name: default]
11:02:42.931 [restartedMain] INFO  org.hibernate.Version - HHH000412: Hibernate ORM core version 6.2.9.Final
11:02:42.938 [restartedMain] INFO  org.hibernate.cfg.Environment - HHH000406: Using bytecode reflection optimizer
11:02:43.286 [restartedMain] INFO  o.h.b.i.BytecodeProviderInitiator - HHH000021: Bytecode provider name : bytebuddy
11:02:43.600 [restartedMain] INFO  o.s.o.j.p.SpringPersistenceUnitInfo - No LoadTimeWeaver setup: ignoring JPA class transformer
11:02:44.317 [restartedMain] INFO  o.h.b.i.BytecodeProviderInitiator - HHH000021: Bytecode provider name : bytebuddy
11:02:46.031 [restartedMain] INFO  o.h.e.t.j.p.i.JtaPlatformInitiator - HHH000490: Using JtaPlatform implementation: [org.hibernate.engine.transaction.jta.platform.internal.NoJtaPlatform]
11:02:46.128 [restartedMain] INFO  o.s.o.j.LocalContainerEntityManagerFactoryBean - Initialized JPA EntityManagerFactory for persistence unit 'default'
11:02:47.273 [restartedMain] WARN  o.s.b.a.o.j.JpaBaseConfiguration$JpaWebConfiguration - spring.jpa.open-in-view is enabled by default. Therefore, database queries may be performed during view rendering. Explicitly configure spring.jpa.open-in-view to disable this warning
11:02:47.569 [restartedMain] INFO  o.s.b.a.w.s.WelcomePageHandlerMapping - Adding welcome page template: index
11:02:47.975 [restartedMain] INFO  o.s.s.web.DefaultSecurityFilterChain - Will secure any request with [org.springframework.security.web.session.DisableEncodeUrlFilter@2270ab22, org.springframework.security.web.context.request.async.WebAsyncManagerIntegrationFilter@6dd09647, org.springframework.security.web.context.SecurityContextHolderFilter@5812773c, org.springframework.security.web.header.HeaderWriterFilter@35523d30, org.springframework.security.web.authentication.logout.LogoutFilter@5f3e6355, org.springframework.security.web.authentication.UsernamePasswordAuthenticationFilter@824297b, org.springframework.security.web.savedrequest.RequestCacheAwareFilter@42486a7a, org.springframework.security.web.servletapi.SecurityContextHolderAwareRequestFilter@2e13cb3f, org.springframework.security.web.authentication.AnonymousAuthenticationFilter@26114c37, org.springframework.security.web.access.ExceptionTranslationFilter@7261ce77, org.springframework.security.web.access.intercept.AuthorizationFilter@1a89a954]
11:02:48.470 [restartedMain] INFO  o.s.b.d.a.OptionalLiveReloadServer - LiveReload server is running on port 35729
11:02:48.518 [restartedMain] INFO  o.s.b.w.e.tomcat.TomcatWebServer - Tomcat started on port(s): 8080 (http) with context path ''
11:02:48.537 [restartedMain] INFO  com.echem.ecshop.EcshopApplication - Started EcshopApplication in 11.6 seconds (process running for 12.814)
11:05:57.132 [SpringApplicationShutdownHook] INFO  o.s.o.j.LocalContainerEntityManagerFactoryBean - Closing JPA EntityManagerFactory for persistence unit 'default'
11:05:57.154 [SpringApplicationShutdownHook] INFO  com.zaxxer.hikari.HikariDataSource - HikariPool-1 - Shutdown initiated...
11:05:57.164 [SpringApplicationShutdownHook] INFO  com.zaxxer.hikari.HikariDataSource - HikariPool-1 - Shutdown completed.
11:06:01.767 [restartedMain] INFO  com.echem.ecshop.EcshopApplication - Starting EcshopApplication using Java 17.0.7 with PID 42839 (/Users/dmitrijafrosin/IdeaProjects/ecshop/build/classes/java/main started by dmitrijafrosin in /Users/dmitrijafrosin/IdeaProjects/ecshop)
11:06:01.780 [restartedMain] INFO  com.echem.ecshop.EcshopApplication - No active profile set, falling back to 1 default profile: "default"
11:06:01.944 [restartedMain] INFO  o.s.b.d.e.DevToolsPropertyDefaultsPostProcessor - Devtools property defaults active! Set 'spring.devtools.add-properties' to 'false' to disable
11:06:01.945 [restartedMain] INFO  o.s.b.d.e.DevToolsPropertyDefaultsPostProcessor - For additional web related logging consider setting the 'logging.level.web' property to 'DEBUG'
11:06:03.538 [restartedMain] INFO  o.s.d.r.c.RepositoryConfigurationDelegate - Bootstrapping Spring Data JPA repositories in DEFAULT mode.
11:06:03.675 [restartedMain] INFO  o.s.d.r.c.RepositoryConfigurationDelegate - Finished Spring Data repository scanning in 118 ms. Found 3 JPA repository interfaces.
11:06:05.069 [restartedMain] INFO  o.s.b.w.e.tomcat.TomcatWebServer - Tomcat initialized with port(s): 8080 (http)
11:06:05.090 [restartedMain] INFO  o.a.catalina.core.StandardService - Starting service [Tomcat]
11:06:05.091 [restartedMain] INFO  o.a.catalina.core.StandardEngine - Starting Servlet engine: [Apache Tomcat/10.1.13]
11:06:05.218 [restartedMain] INFO  o.a.c.c.C.[Tomcat].[localhost].[/] - Initializing Spring embedded WebApplicationContext
11:06:05.221 [restartedMain] INFO  o.s.b.w.s.c.ServletWebServerApplicationContext - Root WebApplicationContext: initialization completed in 3272 ms
11:06:05.594 [restartedMain] INFO  o.f.c.i.license.VersionPrinter - Flyway Community Edition 9.16.3 by Redgate
11:06:05.595 [restartedMain] INFO  o.f.c.i.license.VersionPrinter - See release notes here: https://rd.gt/416ObMi
11:06:05.595 [restartedMain] INFO  o.f.c.i.license.VersionPrinter - 
11:06:05.614 [restartedMain] INFO  com.zaxxer.hikari.HikariDataSource - HikariPool-1 - Starting...
11:06:06.153 [restartedMain] INFO  com.zaxxer.hikari.pool.HikariPool - HikariPool-1 - Added connection org.postgresql.jdbc.PgConnection@5b1f5f14
11:06:06.155 [restartedMain] INFO  com.zaxxer.hikari.HikariDataSource - HikariPool-1 - Start completed.
11:06:06.184 [restartedMain] INFO  o.f.c.i.d.base.BaseDatabaseType - Database: jdbc:postgresql://localhost:5432/newOne (PostgreSQL 15.3)
11:06:06.291 [restartedMain] INFO  o.f.core.internal.command.DbValidate - Successfully validated 3 migrations (execution time 00:00.074s)
11:06:06.354 [restartedMain] INFO  o.f.core.internal.command.DbMigrate - Current version of schema "public": 3
11:06:06.355 [restartedMain] INFO  o.f.core.internal.command.DbMigrate - Schema "public" is up to date. No migration necessary.
11:06:06.629 [restartedMain] INFO  o.h.jpa.internal.util.LogHelper - HHH000204: Processing PersistenceUnitInfo [name: default]
11:06:06.844 [restartedMain] INFO  org.hibernate.Version - HHH000412: Hibernate ORM core version 6.2.9.Final
11:06:06.852 [restartedMain] INFO  org.hibernate.cfg.Environment - HHH000406: Using bytecode reflection optimizer
11:06:07.465 [restartedMain] INFO  o.h.b.i.BytecodeProviderInitiator - HHH000021: Bytecode provider name : bytebuddy
11:06:07.855 [restartedMain] INFO  o.s.o.j.p.SpringPersistenceUnitInfo - No LoadTimeWeaver setup: ignoring JPA class transformer
11:06:08.738 [restartedMain] INFO  o.h.b.i.BytecodeProviderInitiator - HHH000021: Bytecode provider name : bytebuddy
11:06:10.778 [restartedMain] INFO  o.h.e.t.j.p.i.JtaPlatformInitiator - HHH000490: Using JtaPlatform implementation: [org.hibernate.engine.transaction.jta.platform.internal.NoJtaPlatform]
11:06:10.866 [restartedMain] INFO  o.s.o.j.LocalContainerEntityManagerFactoryBean - Initialized JPA EntityManagerFactory for persistence unit 'default'
11:06:12.476 [restartedMain] WARN  o.s.b.a.o.j.JpaBaseConfiguration$JpaWebConfiguration - spring.jpa.open-in-view is enabled by default. Therefore, database queries may be performed during view rendering. Explicitly configure spring.jpa.open-in-view to disable this warning
11:06:13.097 [restartedMain] INFO  o.s.b.a.w.s.WelcomePageHandlerMapping - Adding welcome page template: index
11:06:13.592 [restartedMain] INFO  o.s.s.web.DefaultSecurityFilterChain - Will secure any request with [org.springframework.security.web.session.DisableEncodeUrlFilter@6dd09647, org.springframework.security.web.context.request.async.WebAsyncManagerIntegrationFilter@26114c37, org.springframework.security.web.context.SecurityContextHolderFilter@7c0d6ab3, org.springframework.security.web.header.HeaderWriterFilter@6ada943c, org.springframework.security.web.authentication.logout.LogoutFilter@c94c0fd, org.springframework.security.web.authentication.UsernamePasswordAuthenticationFilter@a98aeed, org.springframework.security.web.savedrequest.RequestCacheAwareFilter@73a6e088, org.springframework.security.web.servletapi.SecurityContextHolderAwareRequestFilter@6a75dcd5, org.springframework.security.web.authentication.AnonymousAuthenticationFilter@1c3b0c6f, org.springframework.security.web.access.ExceptionTranslationFilter@366f10ec, org.springframework.security.web.access.intercept.AuthorizationFilter@824297b]
11:06:14.203 [restartedMain] INFO  o.s.b.d.a.OptionalLiveReloadServer - LiveReload server is running on port 35729
11:06:14.277 [restartedMain] INFO  o.s.b.w.e.tomcat.TomcatWebServer - Tomcat started on port(s): 8080 (http) with context path ''
11:06:14.315 [restartedMain] INFO  com.echem.ecshop.EcshopApplication - Started EcshopApplication in 13.485 seconds (process running for 14.587)
11:08:19.610 [SpringApplicationShutdownHook] INFO  o.s.o.j.LocalContainerEntityManagerFactoryBean - Closing JPA EntityManagerFactory for persistence unit 'default'
11:08:19.643 [SpringApplicationShutdownHook] INFO  com.zaxxer.hikari.HikariDataSource - HikariPool-1 - Shutdown initiated...
11:08:19.654 [SpringApplicationShutdownHook] INFO  com.zaxxer.hikari.HikariDataSource - HikariPool-1 - Shutdown completed.
11:08:24.340 [32m[restartedMain] INFO [0;39m com.echem.ecshop.EcshopApplication - Starting EcshopApplication using Java 17.0.7 with PID 42944 (/Users/dmitrijafrosin/IdeaProjects/ecshop/build/classes/java/main started by dmitrijafrosin in /Users/dmitrijafrosin/IdeaProjects/ecshop)
11:08:24.354 [32m[restartedMain] INFO [0;39m com.echem.ecshop.EcshopApplication - No active profile set, falling back to 1 default profile: "default"
11:08:24.479 [32m[restartedMain] INFO [0;39m o.s.b.d.e.DevToolsPropertyDefaultsPostProcessor - Devtools property defaults active! Set 'spring.devtools.add-properties' to 'false' to disable
11:08:24.480 [32m[restartedMain] INFO [0;39m o.s.b.d.e.DevToolsPropertyDefaultsPostProcessor - For additional web related logging consider setting the 'logging.level.web' property to 'DEBUG'
11:08:26.230 [32m[restartedMain] INFO [0;39m o.s.d.r.c.RepositoryConfigurationDelegate - Bootstrapping Spring Data JPA repositories in DEFAULT mode.
11:08:26.381 [32m[restartedMain] INFO [0;39m o.s.d.r.c.RepositoryConfigurationDelegate - Finished Spring Data repository scanning in 129 ms. Found 3 JPA repository interfaces.
11:08:27.996 [32m[restartedMain] INFO [0;39m o.s.b.w.e.tomcat.TomcatWebServer - Tomcat initialized with port(s): 8080 (http)
11:08:28.019 [32m[restartedMain] INFO [0;39m o.a.catalina.core.StandardService - Starting service [Tomcat]
11:08:28.020 [32m[restartedMain] INFO [0;39m o.a.catalina.core.StandardEngine - Starting Servlet engine: [Apache Tomcat/10.1.13]
11:08:28.140 [32m[restartedMain] INFO [0;39m o.a.c.c.C.[Tomcat].[localhost].[/] - Initializing Spring embedded WebApplicationContext
11:08:28.141 [32m[restartedMain] INFO [0;39m o.s.b.w.s.c.ServletWebServerApplicationContext - Root WebApplicationContext: initialization completed in 3659 ms
11:08:28.560 [32m[restartedMain] INFO [0;39m o.f.c.i.license.VersionPrinter - Flyway Community Edition 9.16.3 by Redgate
11:08:28.561 [32m[restartedMain] INFO [0;39m o.f.c.i.license.VersionPrinter - See release notes here: https://rd.gt/416ObMi
11:08:28.561 [32m[restartedMain] INFO [0;39m o.f.c.i.license.VersionPrinter - 
11:08:28.579 [32m[restartedMain] INFO [0;39m com.zaxxer.hikari.HikariDataSource - HikariPool-1 - Starting...
11:08:28.943 [32m[restartedMain] INFO [0;39m com.zaxxer.hikari.pool.HikariPool - HikariPool-1 - Added connection org.postgresql.jdbc.PgConnection@48e93859
11:08:28.947 [32m[restartedMain] INFO [0;39m com.zaxxer.hikari.HikariDataSource - HikariPool-1 - Start completed.
11:08:28.972 [32m[restartedMain] INFO [0;39m o.f.c.i.d.base.BaseDatabaseType - Database: jdbc:postgresql://localhost:5432/newOne (PostgreSQL 15.3)
11:08:29.060 [32m[restartedMain] INFO [0;39m o.f.core.internal.command.DbValidate - Successfully validated 3 migrations (execution time 00:00.054s)
11:08:29.117 [32m[restartedMain] INFO [0;39m o.f.core.internal.command.DbMigrate - Current version of schema "public": 3
11:08:29.119 [32m[restartedMain] INFO [0;39m o.f.core.internal.command.DbMigrate - Schema "public" is up to date. No migration necessary.
11:08:29.373 [32m[restartedMain] INFO [0;39m o.h.jpa.internal.util.LogHelper - HHH000204: Processing PersistenceUnitInfo [name: default]
11:08:29.549 [32m[restartedMain] INFO [0;39m org.hibernate.Version - HHH000412: Hibernate ORM core version 6.2.9.Final
11:08:29.555 [32m[restartedMain] INFO [0;39m org.hibernate.cfg.Environment - HHH000406: Using bytecode reflection optimizer
11:08:29.900 [32m[restartedMain] INFO [0;39m o.h.b.i.BytecodeProviderInitiator - HHH000021: Bytecode provider name : bytebuddy
11:08:30.182 [32m[restartedMain] INFO [0;39m o.s.o.j.p.SpringPersistenceUnitInfo - No LoadTimeWeaver setup: ignoring JPA class transformer
11:08:30.889 [32m[restartedMain] INFO [0;39m o.h.b.i.BytecodeProviderInitiator - HHH000021: Bytecode provider name : bytebuddy
11:08:32.338 [32m[restartedMain] INFO [0;39m o.h.e.t.j.p.i.JtaPlatformInitiator - HHH000490: Using JtaPlatform implementation: [org.hibernate.engine.transaction.jta.platform.internal.NoJtaPlatform]
11:08:32.416 [32m[restartedMain] INFO [0;39m o.s.o.j.LocalContainerEntityManagerFactoryBean - Initialized JPA EntityManagerFactory for persistence unit 'default'
11:08:33.313 [33m[restartedMain] WARN [0;39m o.s.b.a.o.j.JpaBaseConfiguration$JpaWebConfiguration - spring.jpa.open-in-view is enabled by default. Therefore, database queries may be performed during view rendering. Explicitly configure spring.jpa.open-in-view to disable this warning
11:08:33.714 [32m[restartedMain] INFO [0;39m o.s.b.a.w.s.WelcomePageHandlerMapping - Adding welcome page template: index
11:08:34.068 [32m[restartedMain] INFO [0;39m o.s.s.web.DefaultSecurityFilterChain - Will secure any request with [org.springframework.security.web.session.DisableEncodeUrlFilter@523e56fe, org.springframework.security.web.context.request.async.WebAsyncManagerIntegrationFilter@7ee2d87a, org.springframework.security.web.context.SecurityContextHolderFilter@2f097f1e, org.springframework.security.web.header.HeaderWriterFilter@42486a7a, org.springframework.security.web.authentication.logout.LogoutFilter@5ceace26, org.springframework.security.web.authentication.UsernamePasswordAuthenticationFilter@6dd09647, org.springframework.security.web.savedrequest.RequestCacheAwareFilter@6a75dcd5, org.springframework.security.web.servletapi.SecurityContextHolderAwareRequestFilter@74970510, org.springframework.security.web.authentication.AnonymousAuthenticationFilter@3a7eebbd, org.springframework.security.web.access.ExceptionTranslationFilter@5812773c, org.springframework.security.web.access.intercept.AuthorizationFilter@2270ab22]
11:08:34.457 [32m[restartedMain] INFO [0;39m o.s.b.d.a.OptionalLiveReloadServer - LiveReload server is running on port 35729
11:08:34.509 [32m[restartedMain] INFO [0;39m o.s.b.w.e.tomcat.TomcatWebServer - Tomcat started on port(s): 8080 (http) with context path ''
11:08:34.525 [32m[restartedMain] INFO [0;39m com.echem.ecshop.EcshopApplication - Started EcshopApplication in 11.117 seconds (process running for 12.181)
11:09:12.749 [32m[SpringApplicationShutdownHook] INFO [0;39m o.s.o.j.LocalContainerEntityManagerFactoryBean - Closing JPA EntityManagerFactory for persistence unit 'default'
11:09:12.762 [32m[SpringApplicationShutdownHook] INFO [0;39m com.zaxxer.hikari.HikariDataSource - HikariPool-1 - Shutdown initiated...
11:09:12.767 [32m[SpringApplicationShutdownHook] INFO [0;39m com.zaxxer.hikari.HikariDataSource - HikariPool-1 - Shutdown completed.
11:09:16.834 [restartedMain] INFO  com.echem.ecshop.EcshopApplication - Starting EcshopApplication using Java 17.0.7 with PID 42994 (/Users/dmitrijafrosin/IdeaProjects/ecshop/build/classes/java/main started by dmitrijafrosin in /Users/dmitrijafrosin/IdeaProjects/ecshop)
11:09:16.842 [restartedMain] INFO  com.echem.ecshop.EcshopApplication - No active profile set, falling back to 1 default profile: "default"
11:09:16.954 [restartedMain] INFO  o.s.b.d.e.DevToolsPropertyDefaultsPostProcessor - Devtools property defaults active! Set 'spring.devtools.add-properties' to 'false' to disable
11:09:16.957 [restartedMain] INFO  o.s.b.d.e.DevToolsPropertyDefaultsPostProcessor - For additional web related logging consider setting the 'logging.level.web' property to 'DEBUG'
11:09:18.674 [restartedMain] INFO  o.s.d.r.c.RepositoryConfigurationDelegate - Bootstrapping Spring Data JPA repositories in DEFAULT mode.
11:09:18.806 [restartedMain] INFO  o.s.d.r.c.RepositoryConfigurationDelegate - Finished Spring Data repository scanning in 113 ms. Found 3 JPA repository interfaces.
11:09:20.158 [restartedMain] INFO  o.s.b.w.e.tomcat.TomcatWebServer - Tomcat initialized with port(s): 8080 (http)
11:09:20.186 [restartedMain] INFO  o.a.catalina.core.StandardService - Starting service [Tomcat]
11:09:20.187 [restartedMain] INFO  o.a.catalina.core.StandardEngine - Starting Servlet engine: [Apache Tomcat/10.1.13]
11:09:20.303 [restartedMain] INFO  o.a.c.c.C.[Tomcat].[localhost].[/] - Initializing Spring embedded WebApplicationContext
11:09:20.304 [restartedMain] INFO  o.s.b.w.s.c.ServletWebServerApplicationContext - Root WebApplicationContext: initialization completed in 3344 ms
11:09:20.655 [restartedMain] INFO  o.f.c.i.license.VersionPrinter - Flyway Community Edition 9.16.3 by Redgate
11:09:20.656 [restartedMain] INFO  o.f.c.i.license.VersionPrinter - See release notes here: https://rd.gt/416ObMi
11:09:20.656 [restartedMain] INFO  o.f.c.i.license.VersionPrinter - 
11:09:20.677 [restartedMain] INFO  com.zaxxer.hikari.HikariDataSource - HikariPool-1 - Starting...
11:09:21.029 [restartedMain] INFO  com.zaxxer.hikari.pool.HikariPool - HikariPool-1 - Added connection org.postgresql.jdbc.PgConnection@324974b8
11:09:21.032 [restartedMain] INFO  com.zaxxer.hikari.HikariDataSource - HikariPool-1 - Start completed.
11:09:21.057 [restartedMain] INFO  o.f.c.i.d.base.BaseDatabaseType - Database: jdbc:postgresql://localhost:5432/newOne (PostgreSQL 15.3)
11:09:21.133 [restartedMain] INFO  o.f.core.internal.command.DbValidate - Successfully validated 3 migrations (execution time 00:00.045s)
11:09:21.181 [restartedMain] INFO  o.f.core.internal.command.DbMigrate - Current version of schema "public": 3
11:09:21.183 [restartedMain] INFO  o.f.core.internal.command.DbMigrate - Schema "public" is up to date. No migration necessary.
11:09:21.392 [restartedMain] INFO  o.h.jpa.internal.util.LogHelper - HHH000204: Processing PersistenceUnitInfo [name: default]
11:09:21.560 [restartedMain] INFO  org.hibernate.Version - HHH000412: Hibernate ORM core version 6.2.9.Final
11:09:21.566 [restartedMain] INFO  org.hibernate.cfg.Environment - HHH000406: Using bytecode reflection optimizer
11:09:22.024 [restartedMain] INFO  o.h.b.i.BytecodeProviderInitiator - HHH000021: Bytecode provider name : bytebuddy
11:09:22.301 [restartedMain] INFO  o.s.o.j.p.SpringPersistenceUnitInfo - No LoadTimeWeaver setup: ignoring JPA class transformer
11:09:22.921 [restartedMain] INFO  o.h.b.i.BytecodeProviderInitiator - HHH000021: Bytecode provider name : bytebuddy
11:09:24.348 [restartedMain] INFO  o.h.e.t.j.p.i.JtaPlatformInitiator - HHH000490: Using JtaPlatform implementation: [org.hibernate.engine.transaction.jta.platform.internal.NoJtaPlatform]
11:09:24.411 [restartedMain] INFO  o.s.o.j.LocalContainerEntityManagerFactoryBean - Initialized JPA EntityManagerFactory for persistence unit 'default'
11:09:25.275 [restartedMain] WARN  o.s.b.a.o.j.JpaBaseConfiguration$JpaWebConfiguration - spring.jpa.open-in-view is enabled by default. Therefore, database queries may be performed during view rendering. Explicitly configure spring.jpa.open-in-view to disable this warning
11:09:25.509 [restartedMain] INFO  o.s.b.a.w.s.WelcomePageHandlerMapping - Adding welcome page template: index
11:09:25.841 [restartedMain] INFO  o.s.s.web.DefaultSecurityFilterChain - Will secure any request with [org.springframework.security.web.session.DisableEncodeUrlFilter@5ca2f507, org.springframework.security.web.context.request.async.WebAsyncManagerIntegrationFilter@b3624ce, org.springframework.security.web.context.SecurityContextHolderFilter@6ada943c, org.springframework.security.web.header.HeaderWriterFilter@7261ce77, org.springframework.security.web.authentication.logout.LogoutFilter@708314f3, org.springframework.security.web.authentication.UsernamePasswordAuthenticationFilter@1098de9f, org.springframework.security.web.savedrequest.RequestCacheAwareFilter@5812773c, org.springframework.security.web.servletapi.SecurityContextHolderAwareRequestFilter@3846c257, org.springframework.security.web.authentication.AnonymousAuthenticationFilter@2270ab22, org.springframework.security.web.access.ExceptionTranslationFilter@12922594, org.springframework.security.web.access.intercept.AuthorizationFilter@7d7fe82a]
11:09:26.255 [restartedMain] INFO  o.s.b.d.a.OptionalLiveReloadServer - LiveReload server is running on port 35729
11:09:26.325 [restartedMain] INFO  o.s.b.w.e.tomcat.TomcatWebServer - Tomcat started on port(s): 8080 (http) with context path ''
11:09:26.352 [restartedMain] INFO  com.echem.ecshop.EcshopApplication - Started EcshopApplication in 10.425 seconds (process running for 11.448)
11:10:15.321 [SpringApplicationShutdownHook] INFO  o.s.o.j.LocalContainerEntityManagerFactoryBean - Closing JPA EntityManagerFactory for persistence unit 'default'
11:10:15.345 [SpringApplicationShutdownHook] INFO  com.zaxxer.hikari.HikariDataSource - HikariPool-1 - Shutdown initiated...
11:10:15.353 [SpringApplicationShutdownHook] INFO  com.zaxxer.hikari.HikariDataSource - HikariPool-1 - Shutdown completed.
11:10:19.277 [restartedMain] INFO  com.echem.ecshop.EcshopApplication - Starting EcshopApplication using Java 17.0.7 with PID 43047 (/Users/dmitrijafrosin/IdeaProjects/ecshop/build/classes/java/main started by dmitrijafrosin in /Users/dmitrijafrosin/IdeaProjects/ecshop)
11:10:19.290 [restartedMain] INFO  com.echem.ecshop.EcshopApplication - No active profile set, falling back to 1 default profile: "default"
11:10:19.443 [restartedMain] INFO  o.s.b.d.e.DevToolsPropertyDefaultsPostProcessor - Devtools property defaults active! Set 'spring.devtools.add-properties' to 'false' to disable
11:10:19.444 [restartedMain] INFO  o.s.b.d.e.DevToolsPropertyDefaultsPostProcessor - For additional web related logging consider setting the 'logging.level.web' property to 'DEBUG'
11:10:21.081 [restartedMain] INFO  o.s.d.r.c.RepositoryConfigurationDelegate - Bootstrapping Spring Data JPA repositories in DEFAULT mode.
11:10:21.244 [restartedMain] INFO  o.s.d.r.c.RepositoryConfigurationDelegate - Finished Spring Data repository scanning in 142 ms. Found 3 JPA repository interfaces.
11:10:22.559 [restartedMain] INFO  o.s.b.w.e.tomcat.TomcatWebServer - Tomcat initialized with port(s): 8080 (http)
11:10:22.579 [restartedMain] INFO  o.a.catalina.core.StandardService - Starting service [Tomcat]
11:10:22.580 [restartedMain] INFO  o.a.catalina.core.StandardEngine - Starting Servlet engine: [Apache Tomcat/10.1.13]
11:10:22.710 [restartedMain] INFO  o.a.c.c.C.[Tomcat].[localhost].[/] - Initializing Spring embedded WebApplicationContext
11:10:22.711 [restartedMain] INFO  o.s.b.w.s.c.ServletWebServerApplicationContext - Root WebApplicationContext: initialization completed in 3265 ms
11:10:23.043 [restartedMain] INFO  o.f.c.i.license.VersionPrinter - Flyway Community Edition 9.16.3 by Redgate
11:10:23.044 [restartedMain] INFO  o.f.c.i.license.VersionPrinter - See release notes here: https://rd.gt/416ObMi
11:10:23.044 [restartedMain] INFO  o.f.c.i.license.VersionPrinter - 
11:10:23.060 [restartedMain] INFO  com.zaxxer.hikari.HikariDataSource - HikariPool-1 - Starting...
11:10:23.401 [restartedMain] INFO  com.zaxxer.hikari.pool.HikariPool - HikariPool-1 - Added connection org.postgresql.jdbc.PgConnection@324974b8
11:10:23.403 [restartedMain] INFO  com.zaxxer.hikari.HikariDataSource - HikariPool-1 - Start completed.
11:10:23.428 [restartedMain] INFO  o.f.c.i.d.base.BaseDatabaseType - Database: jdbc:postgresql://localhost:5432/newOne (PostgreSQL 15.3)
11:10:23.510 [restartedMain] INFO  o.f.core.internal.command.DbValidate - Successfully validated 3 migrations (execution time 00:00.049s)
11:10:23.568 [restartedMain] INFO  o.f.core.internal.command.DbMigrate - Current version of schema "public": 3
11:10:23.569 [restartedMain] INFO  o.f.core.internal.command.DbMigrate - Schema "public" is up to date. No migration necessary.
11:10:23.801 [restartedMain] INFO  o.h.jpa.internal.util.LogHelper - HHH000204: Processing PersistenceUnitInfo [name: default]
11:10:23.939 [restartedMain] INFO  org.hibernate.Version - HHH000412: Hibernate ORM core version 6.2.9.Final
11:10:23.946 [restartedMain] INFO  org.hibernate.cfg.Environment - HHH000406: Using bytecode reflection optimizer
11:10:24.303 [restartedMain] INFO  o.h.b.i.BytecodeProviderInitiator - HHH000021: Bytecode provider name : bytebuddy
11:10:24.719 [restartedMain] INFO  o.s.o.j.p.SpringPersistenceUnitInfo - No LoadTimeWeaver setup: ignoring JPA class transformer
11:10:25.481 [restartedMain] INFO  o.h.b.i.BytecodeProviderInitiator - HHH000021: Bytecode provider name : bytebuddy
11:10:27.079 [restartedMain] INFO  o.h.e.t.j.p.i.JtaPlatformInitiator - HHH000490: Using JtaPlatform implementation: [org.hibernate.engine.transaction.jta.platform.internal.NoJtaPlatform]
11:10:27.141 [restartedMain] INFO  o.s.o.j.LocalContainerEntityManagerFactoryBean - Initialized JPA EntityManagerFactory for persistence unit 'default'
11:10:27.977 [restartedMain] WARN  o.s.b.a.o.j.JpaBaseConfiguration$JpaWebConfiguration - spring.jpa.open-in-view is enabled by default. Therefore, database queries may be performed during view rendering. Explicitly configure spring.jpa.open-in-view to disable this warning
11:10:28.203 [restartedMain] INFO  o.s.b.a.w.s.WelcomePageHandlerMapping - Adding welcome page template: index
11:10:28.511 [restartedMain] INFO  o.s.s.web.DefaultSecurityFilterChain - Will secure any request with [org.springframework.security.web.session.DisableEncodeUrlFilter@5ca2f507, org.springframework.security.web.context.request.async.WebAsyncManagerIntegrationFilter@b3624ce, org.springframework.security.web.context.SecurityContextHolderFilter@6ada943c, org.springframework.security.web.header.HeaderWriterFilter@7261ce77, org.springframework.security.web.authentication.logout.LogoutFilter@708314f3, org.springframework.security.web.authentication.UsernamePasswordAuthenticationFilter@1098de9f, org.springframework.security.web.savedrequest.RequestCacheAwareFilter@5812773c, org.springframework.security.web.servletapi.SecurityContextHolderAwareRequestFilter@3846c257, org.springframework.security.web.authentication.AnonymousAuthenticationFilter@2270ab22, org.springframework.security.web.access.ExceptionTranslationFilter@12922594, org.springframework.security.web.access.intercept.AuthorizationFilter@7d7fe82a]
11:10:28.940 [restartedMain] INFO  o.s.b.d.a.OptionalLiveReloadServer - LiveReload server is running on port 35729
11:10:28.996 [restartedMain] INFO  o.s.b.w.e.tomcat.TomcatWebServer - Tomcat started on port(s): 8080 (http) with context path ''
11:10:29.019 [restartedMain] INFO  com.echem.ecshop.EcshopApplication - Started EcshopApplication in 10.741 seconds (process running for 11.769)
11:10:40.273 [http-nio-8080-exec-1] INFO  o.a.c.c.C.[Tomcat].[localhost].[/] - Initializing Spring DispatcherServlet 'dispatcherServlet'
11:10:40.275 [http-nio-8080-exec-1] INFO  o.s.web.servlet.DispatcherServlet - Initializing Servlet 'dispatcherServlet'
11:10:40.279 [http-nio-8080-exec-1] INFO  o.s.web.servlet.DispatcherServlet - Completed initialization in 3 ms
11:11:01.645 [SpringApplicationShutdownHook] INFO  o.s.o.j.LocalContainerEntityManagerFactoryBean - Closing JPA EntityManagerFactory for persistence unit 'default'
11:11:01.662 [SpringApplicationShutdownHook] INFO  com.zaxxer.hikari.HikariDataSource - HikariPool-1 - Shutdown initiated...
11:11:01.705 [SpringApplicationShutdownHook] INFO  com.zaxxer.hikari.HikariDataSource - HikariPool-1 - Shutdown completed.
